<?xml version="1.0" encoding="UTF-8"?>
<coverage generated="1545428471775" clover="3.2.0">
  <project timestamp="1545428471775" name="All files">
    <metrics statements="221" coveredstatements="183" conditionals="66" coveredconditionals="54" methods="48" coveredmethods="35" elements="335" coveredelements="272" complexity="0" loc="221" ncloc="221" packages="25" files="26" classes="26">
      <package name="src">
        <metrics statements="10" coveredstatements="1" conditionals="0" coveredconditionals="0" methods="0" coveredmethods="0"/>
        <file name="index.js" path="E:\Сайты\Проекты\test_Leomax_2\Shop-s-Basket-React-Redux\src\index.js">
          <metrics statements="9" coveredstatements="0" conditionals="0" coveredconditionals="0" methods="0" coveredmethods="0"/>
          <line num="1" count="0" type="stmt"/>
          <line num="2" count="0" type="stmt"/>
          <line num="3" count="0" type="stmt"/>
          <line num="4" count="0" type="stmt"/>
          <line num="5" count="0" type="stmt"/>
          <line num="6" count="0" type="stmt"/>
          <line num="7" count="0" type="stmt"/>
          <line num="8" count="0" type="stmt"/>
          <line num="10" count="0" type="stmt"/>
        </file>
        <file name="setupTests.js" path="E:\Сайты\Проекты\test_Leomax_2\Shop-s-Basket-React-Redux\src\setupTests.js">
          <metrics statements="1" coveredstatements="1" conditionals="0" coveredconditionals="0" methods="0" coveredmethods="0"/>
          <line num="3" count="21" type="stmt"/>
        </file>
      </package>
      <package name="src.Actions">
        <metrics statements="8" coveredstatements="8" conditionals="0" coveredconditionals="0" methods="4" coveredmethods="4"/>
        <file name="index.js" path="E:\Сайты\Проекты\test_Leomax_2\Shop-s-Basket-React-Redux\src\Actions\index.js">
          <metrics statements="8" coveredstatements="8" conditionals="0" coveredconditionals="0" methods="4" coveredmethods="4"/>
          <line num="3" count="2" type="stmt"/>
          <line num="4" count="2" type="stmt"/>
          <line num="10" count="2" type="stmt"/>
          <line num="11" count="2" type="stmt"/>
          <line num="17" count="2" type="stmt"/>
          <line num="18" count="2" type="stmt"/>
          <line num="24" count="2" type="stmt"/>
          <line num="25" count="2" type="stmt"/>
        </file>
      </package>
      <package name="src.Store">
        <metrics statements="1" coveredstatements="1" conditionals="0" coveredconditionals="0" methods="0" coveredmethods="0"/>
        <file name="index.js" path="E:\Сайты\Проекты\test_Leomax_2\Shop-s-Basket-React-Redux\src\Store\index.js">
          <metrics statements="1" coveredstatements="1" conditionals="0" coveredconditionals="0" methods="0" coveredmethods="0"/>
          <line num="5" count="1" type="stmt"/>
        </file>
      </package>
      <package name="src.components">
        <metrics statements="0" coveredstatements="0" conditionals="0" coveredconditionals="0" methods="0" coveredmethods="0"/>
        <file name="index.js" path="E:\Сайты\Проекты\test_Leomax_2\Shop-s-Basket-React-Redux\src\components\index.js">
          <metrics statements="0" coveredstatements="0" conditionals="0" coveredconditionals="0" methods="0" coveredmethods="0"/>
        </file>
      </package>
      <package name="src.components.EditNumber">
        <metrics statements="12" coveredstatements="12" conditionals="0" coveredconditionals="0" methods="5" coveredmethods="5"/>
        <file name="index.js" path="E:\Сайты\Проекты\test_Leomax_2\Shop-s-Basket-React-Redux\src\components\EditNumber\index.js">
          <metrics statements="12" coveredstatements="12" conditionals="0" coveredconditionals="0" methods="5" coveredmethods="5"/>
          <line num="5" count="7" type="stmt"/>
          <line num="13" count="7" type="stmt"/>
          <line num="25" count="7" type="stmt"/>
          <line num="38" count="7" type="stmt"/>
          <line num="50" count="7" type="stmt"/>
          <line num="57" count="2" type="stmt"/>
          <line num="61" count="1" type="stmt"/>
          <line num="68" count="1" type="stmt"/>
          <line num="76" count="7" type="stmt"/>
          <line num="80" count="1" type="stmt"/>
          <line num="81" count="1" type="stmt"/>
          <line num="84" count="7" type="stmt"/>
        </file>
      </package>
      <package name="src.components.FindComponent">
        <metrics statements="5" coveredstatements="5" conditionals="0" coveredconditionals="0" methods="1" coveredmethods="1"/>
        <file name="index.js" path="E:\Сайты\Проекты\test_Leomax_2\Shop-s-Basket-React-Redux\src\components\FindComponent\index.js">
          <metrics statements="5" coveredstatements="5" conditionals="0" coveredconditionals="0" methods="1" coveredmethods="1"/>
          <line num="5" count="7" type="stmt"/>
          <line num="13" count="7" type="stmt"/>
          <line num="31" count="7" type="stmt"/>
          <line num="41" count="7" type="stmt"/>
          <line num="42" count="1" type="stmt"/>
        </file>
      </package>
      <package name="src.components.FreeCall">
        <metrics statements="3" coveredstatements="3" conditionals="0" coveredconditionals="0" methods="1" coveredmethods="1"/>
        <file name="index.js" path="E:\Сайты\Проекты\test_Leomax_2\Shop-s-Basket-React-Redux\src\components\FreeCall\index.js">
          <metrics statements="3" coveredstatements="3" conditionals="0" coveredconditionals="0" methods="1" coveredmethods="1"/>
          <line num="4" count="7" type="stmt"/>
          <line num="12" count="7" type="stmt"/>
          <line num="13" count="1" type="stmt"/>
        </file>
      </package>
      <package name="src.components.LiveStream">
        <metrics statements="2" coveredstatements="2" conditionals="0" coveredconditionals="0" methods="1" coveredmethods="1"/>
        <file name="index.js" path="E:\Сайты\Проекты\test_Leomax_2\Shop-s-Basket-React-Redux\src\components\LiveStream\index.js">
          <metrics statements="2" coveredstatements="2" conditionals="0" coveredconditionals="0" methods="1" coveredmethods="1"/>
          <line num="4" count="7" type="stmt"/>
          <line num="11" count="7" type="stmt"/>
        </file>
      </package>
      <package name="src.components.Number">
        <metrics statements="2" coveredstatements="2" conditionals="0" coveredconditionals="0" methods="1" coveredmethods="1"/>
        <file name="index.js" path="E:\Сайты\Проекты\test_Leomax_2\Shop-s-Basket-React-Redux\src\components\Number\index.js">
          <metrics statements="2" coveredstatements="2" conditionals="0" coveredconditionals="0" methods="1" coveredmethods="1"/>
          <line num="4" count="7" type="stmt"/>
          <line num="12" count="7" type="stmt"/>
        </file>
      </package>
      <package name="src.components.NumberItems">
        <metrics statements="5" coveredstatements="5" conditionals="4" coveredconditionals="4" methods="1" coveredmethods="1"/>
        <file name="index.js" path="E:\Сайты\Проекты\test_Leomax_2\Shop-s-Basket-React-Redux\src\components\NumberItems\index.js">
          <metrics statements="5" coveredstatements="5" conditionals="4" coveredconditionals="4" methods="1" coveredmethods="1"/>
          <line num="5" count="7" type="stmt"/>
          <line num="15" count="7" type="stmt"/>
          <line num="16" count="2" type="stmt"/>
          <line num="25" count="7" type="stmt"/>
          <line num="29" count="7" type="stmt"/>
        </file>
      </package>
      <package name="src.components.Star">
        <metrics statements="2" coveredstatements="2" conditionals="0" coveredconditionals="0" methods="1" coveredmethods="1"/>
        <file name="index.js" path="E:\Сайты\Проекты\test_Leomax_2\Shop-s-Basket-React-Redux\src\components\Star\index.js">
          <metrics statements="2" coveredstatements="2" conditionals="0" coveredconditionals="0" methods="1" coveredmethods="1"/>
          <line num="4" count="7" type="stmt"/>
          <line num="11" count="7" type="stmt"/>
        </file>
      </package>
      <package name="src.components.YouTube">
        <metrics statements="2" coveredstatements="2" conditionals="0" coveredconditionals="0" methods="1" coveredmethods="1"/>
        <file name="index.js" path="E:\Сайты\Проекты\test_Leomax_2\Shop-s-Basket-React-Redux\src\components\YouTube\index.js">
          <metrics statements="2" coveredstatements="2" conditionals="0" coveredconditionals="0" methods="1" coveredmethods="1"/>
          <line num="4" count="7" type="stmt"/>
          <line num="11" count="7" type="stmt"/>
        </file>
      </package>
      <package name="src.containers.App">
        <metrics statements="14" coveredstatements="0" conditionals="0" coveredconditionals="0" methods="3" coveredmethods="0"/>
        <file name="index.js" path="E:\Сайты\Проекты\test_Leomax_2\Shop-s-Basket-React-Redux\src\containers\App\index.js">
          <metrics statements="14" coveredstatements="0" conditionals="0" coveredconditionals="0" methods="3" coveredmethods="0"/>
          <line num="1" count="0" type="stmt"/>
          <line num="2" count="0" type="stmt"/>
          <line num="3" count="0" type="stmt"/>
          <line num="5" count="0" type="stmt"/>
          <line num="12" count="0" type="stmt"/>
          <line num="13" count="0" type="stmt"/>
          <line num="16" count="0" type="stmt"/>
          <line num="17" count="0" type="stmt"/>
          <line num="20" count="0" type="stmt"/>
          <line num="21" count="0" type="stmt"/>
          <line num="23" count="0" type="stmt"/>
          <line num="26" count="0" type="stmt"/>
          <line num="29" count="0" type="stmt"/>
          <line num="32" count="0" type="stmt"/>
        </file>
      </package>
      <package name="src.helpers">
        <metrics statements="45" coveredstatements="45" conditionals="44" coveredconditionals="44" methods="9" coveredmethods="9"/>
        <file name="index.js" path="E:\Сайты\Проекты\test_Leomax_2\Shop-s-Basket-React-Redux\src\helpers\index.js">
          <metrics statements="45" coveredstatements="45" conditionals="44" coveredconditionals="44" methods="9" coveredmethods="9"/>
          <line num="9" count="8" type="stmt"/>
          <line num="10" count="20" type="stmt"/>
          <line num="11" count="20" type="cond" truecount="4" falsecount="0"/>
          <line num="12" count="19" type="cond" truecount="4" falsecount="0"/>
          <line num="13" count="6" type="stmt"/>
          <line num="14" count="23" type="cond" truecount="2" falsecount="0"/>
          <line num="15" count="20" type="cond" truecount="2" falsecount="0"/>
          <line num="19" count="6" type="stmt"/>
          <line num="21" count="13" type="cond" truecount="4" falsecount="0"/>
          <line num="22" count="7" type="cond" truecount="2" falsecount="0"/>
          <line num="23" count="3" type="stmt"/>
          <line num="24" count="11" type="cond" truecount="2" falsecount="0"/>
          <line num="25" count="8" type="cond" truecount="2" falsecount="0"/>
          <line num="30" count="7" type="stmt"/>
          <line num="32" count="6" type="cond" truecount="2" falsecount="0"/>
          <line num="33" count="20" type="stmt"/>
          <line num="36" count="1" type="stmt"/>
          <line num="39" count="1" type="stmt"/>
          <line num="42" count="8" type="stmt"/>
          <line num="43" count="3" type="cond" truecount="2" falsecount="0"/>
          <line num="44" count="2" type="stmt"/>
          <line num="45" count="2" type="stmt"/>
          <line num="46" count="7" type="cond" truecount="4" falsecount="0"/>
          <line num="47" count="4" type="stmt"/>
          <line num="49" count="2" type="stmt"/>
          <line num="51" count="1" type="stmt"/>
          <line num="54" count="8" type="stmt"/>
          <line num="55" count="14" type="cond" truecount="2" falsecount="0"/>
          <line num="56" count="12" type="cond" truecount="8" falsecount="0"/>
          <line num="58" count="3" type="stmt"/>
          <line num="60" count="2" type="stmt"/>
          <line num="62" count="2" type="stmt"/>
          <line num="64" count="1" type="stmt"/>
          <line num="66" count="1" type="stmt"/>
          <line num="68" count="1" type="stmt"/>
          <line num="70" count="1" type="stmt"/>
          <line num="73" count="1" type="stmt"/>
          <line num="76" count="2" type="stmt"/>
          <line num="79" count="8" type="stmt"/>
          <line num="80" count="11" type="cond" truecount="2" falsecount="0"/>
          <line num="81" count="3" type="stmt"/>
          <line num="82" count="3" type="stmt"/>
          <line num="83" count="11" type="cond" truecount="2" falsecount="0"/>
          <line num="85" count="3" type="stmt"/>
          <line num="87" count="8" type="stmt"/>
        </file>
      </package>
      <package name="src.modules">
        <metrics statements="0" coveredstatements="0" conditionals="0" coveredconditionals="0" methods="0" coveredmethods="0"/>
        <file name="index.js" path="E:\Сайты\Проекты\test_Leomax_2\Shop-s-Basket-React-Redux\src\modules\index.js">
          <metrics statements="0" coveredstatements="0" conditionals="0" coveredconditionals="0" methods="0" coveredmethods="0"/>
        </file>
      </package>
      <package name="src.modules.AdvertisingBlock">
        <metrics statements="14" coveredstatements="14" conditionals="0" coveredconditionals="0" methods="2" coveredmethods="2"/>
        <file name="index.js" path="E:\Сайты\Проекты\test_Leomax_2\Shop-s-Basket-React-Redux\src\modules\AdvertisingBlock\index.js">
          <metrics statements="14" coveredstatements="14" conditionals="0" coveredconditionals="0" methods="2" coveredmethods="2"/>
          <line num="6" count="4" type="stmt"/>
          <line num="12" count="4" type="stmt"/>
          <line num="19" count="4" type="stmt"/>
          <line num="21" count="4" type="stmt"/>
          <line num="54" count="4" type="stmt"/>
          <line num="60" count="4" type="stmt"/>
          <line num="65" count="4" type="stmt"/>
          <line num="70" count="4" type="stmt"/>
          <line num="81" count="4" type="stmt"/>
          <line num="91" count="4" type="stmt"/>
          <line num="92" count="2" type="stmt"/>
          <line num="100" count="4" type="stmt"/>
          <line num="116" count="4" type="stmt"/>
          <line num="125" count="4" type="stmt"/>
        </file>
      </package>
      <package name="src.modules.BasketPage">
        <metrics statements="15" coveredstatements="15" conditionals="0" coveredconditionals="0" methods="1" coveredmethods="1"/>
        <file name="index.js" path="E:\Сайты\Проекты\test_Leomax_2\Shop-s-Basket-React-Redux\src\modules\BasketPage\index.js">
          <metrics statements="15" coveredstatements="15" conditionals="0" coveredconditionals="0" methods="1" coveredmethods="1"/>
          <line num="14" count="3" type="stmt"/>
          <line num="21" count="3" type="stmt"/>
          <line num="33" count="8" type="stmt"/>
          <line num="34" count="8" type="stmt"/>
          <line num="35" count="8" type="stmt"/>
          <line num="36" count="8" type="stmt"/>
          <line num="37" count="8" type="stmt"/>
          <line num="38" count="8" type="stmt"/>
          <line num="39" count="8" type="stmt"/>
          <line num="40" count="8" type="stmt"/>
          <line num="41" count="8" type="stmt"/>
          <line num="42" count="8" type="stmt"/>
          <line num="43" count="8" type="stmt"/>
          <line num="67" count="3" type="stmt"/>
          <line num="76" count="3" type="stmt"/>
        </file>
      </package>
      <package name="src.modules.DiscountWrapper">
        <metrics statements="8" coveredstatements="3" conditionals="12" coveredconditionals="0" methods="4" coveredmethods="0"/>
        <file name="index.js" path="E:\Сайты\Проекты\test_Leomax_2\Shop-s-Basket-React-Redux\src\modules\DiscountWrapper\index.js">
          <metrics statements="8" coveredstatements="3" conditionals="12" coveredconditionals="0" methods="4" coveredmethods="0"/>
          <line num="6" count="3" type="stmt"/>
          <line num="13" count="0" type="stmt"/>
          <line num="14" count="0" type="stmt"/>
          <line num="21" count="0" type="stmt"/>
          <line num="24" count="0" type="stmt"/>
          <line num="70" count="3" type="stmt"/>
          <line num="74" count="0" type="stmt"/>
          <line num="78" count="3" type="stmt"/>
        </file>
      </package>
      <package name="src.modules.Footer">
        <metrics statements="2" coveredstatements="2" conditionals="0" coveredconditionals="0" methods="1" coveredmethods="1"/>
        <file name="index.js" path="E:\Сайты\Проекты\test_Leomax_2\Shop-s-Basket-React-Redux\src\modules\Footer\index.js">
          <metrics statements="2" coveredstatements="2" conditionals="0" coveredconditionals="0" methods="1" coveredmethods="1"/>
          <line num="5" count="4" type="stmt"/>
          <line num="6" count="1" type="stmt"/>
        </file>
      </package>
      <package name="src.modules.Header">
        <metrics statements="12" coveredstatements="12" conditionals="0" coveredconditionals="0" methods="1" coveredmethods="1"/>
        <file name="index.js" path="E:\Сайты\Проекты\test_Leomax_2\Shop-s-Basket-React-Redux\src\modules\Header\index.js">
          <metrics statements="12" coveredstatements="12" conditionals="0" coveredconditionals="0" methods="1" coveredmethods="1"/>
          <line num="8" count="4" type="stmt"/>
          <line num="16" count="4" type="stmt"/>
          <line num="22" count="4" type="stmt"/>
          <line num="30" count="4" type="stmt"/>
          <line num="37" count="4" type="stmt"/>
          <line num="44" count="4" type="stmt"/>
          <line num="51" count="4" type="stmt"/>
          <line num="58" count="4" type="stmt"/>
          <line num="67" count="4" type="stmt"/>
          <line num="76" count="4" type="stmt"/>
          <line num="85" count="4" type="stmt"/>
          <line num="86" count="1" type="stmt"/>
        </file>
      </package>
      <package name="src.modules.MainBlock">
        <metrics statements="30" coveredstatements="25" conditionals="0" coveredconditionals="0" methods="7" coveredmethods="2"/>
        <file name="index.js" path="E:\Сайты\Проекты\test_Leomax_2\Shop-s-Basket-React-Redux\src\modules\MainBlock\index.js">
          <metrics statements="30" coveredstatements="25" conditionals="0" coveredconditionals="0" methods="7" coveredmethods="2"/>
          <line num="9" count="3" type="stmt"/>
          <line num="42" count="3" type="stmt"/>
          <line num="47" count="3" type="stmt"/>
          <line num="52" count="3" type="stmt"/>
          <line num="57" count="3" type="stmt"/>
          <line num="62" count="3" type="stmt"/>
          <line num="72" count="3" type="stmt"/>
          <line num="81" count="3" type="stmt"/>
          <line num="91" count="3" type="stmt"/>
          <line num="101" count="3" type="stmt"/>
          <line num="110" count="3" type="stmt"/>
          <line num="112" count="3" type="stmt"/>
          <line num="119" count="3" type="stmt"/>
          <line num="127" count="3" type="stmt"/>
          <line num="132" count="3" type="stmt"/>
          <line num="140" count="3" type="stmt"/>
          <line num="148" count="3" type="stmt"/>
          <line num="155" count="3" type="stmt"/>
          <line num="162" count="3" type="stmt"/>
          <line num="172" count="3" type="stmt"/>
          <line num="180" count="3" type="stmt"/>
          <line num="190" count="2" type="stmt"/>
          <line num="206" count="1" type="stmt"/>
          <line num="227" count="0" type="stmt"/>
          <line num="244" count="3" type="stmt"/>
          <line num="246" count="0" type="stmt"/>
          <line num="247" count="0" type="stmt"/>
          <line num="248" count="0" type="stmt"/>
          <line num="251" count="0" type="stmt"/>
          <line num="255" count="3" type="stmt"/>
        </file>
      </package>
      <package name="src.modules.NavigationBlock">
        <metrics statements="2" coveredstatements="2" conditionals="0" coveredconditionals="0" methods="1" coveredmethods="1"/>
        <file name="index.js" path="E:\Сайты\Проекты\test_Leomax_2\Shop-s-Basket-React-Redux\src\modules\NavigationBlock\index.js">
          <metrics statements="2" coveredstatements="2" conditionals="0" coveredconditionals="0" methods="1" coveredmethods="1"/>
          <line num="5" count="4" type="stmt"/>
          <line num="6" count="1" type="stmt"/>
        </file>
      </package>
      <package name="src.modules.UserBlock">
        <metrics statements="14" coveredstatements="14" conditionals="0" coveredconditionals="0" methods="1" coveredmethods="1"/>
        <file name="index.js" path="E:\Сайты\Проекты\test_Leomax_2\Shop-s-Basket-React-Redux\src\modules\UserBlock\index.js">
          <metrics statements="14" coveredstatements="14" conditionals="0" coveredconditionals="0" methods="1" coveredmethods="1"/>
          <line num="9" count="4" type="stmt"/>
          <line num="16" count="4" type="stmt"/>
          <line num="22" count="4" type="stmt"/>
          <line num="30" count="4" type="stmt"/>
          <line num="38" count="4" type="stmt"/>
          <line num="44" count="4" type="stmt"/>
          <line num="51" count="4" type="stmt"/>
          <line num="59" count="4" type="stmt"/>
          <line num="67" count="4" type="stmt"/>
          <line num="75" count="4" type="stmt"/>
          <line num="84" count="4" type="stmt"/>
          <line num="85" count="4" type="stmt"/>
          <line num="108" count="4" type="stmt"/>
          <line num="113" count="4" type="stmt"/>
        </file>
      </package>
      <package name="src.reducers">
        <metrics statements="8" coveredstatements="8" conditionals="6" coveredconditionals="6" methods="1" coveredmethods="1"/>
        <file name="index.js" path="E:\Сайты\Проекты\test_Leomax_2\Shop-s-Basket-React-Redux\src\reducers\index.js">
          <metrics statements="8" coveredstatements="8" conditionals="6" coveredconditionals="6" methods="1" coveredmethods="1"/>
          <line num="1" count="2" type="stmt"/>
          <line num="72" count="2" type="cond" truecount="1" falsecount="0"/>
          <line num="73" count="10" type="cond" truecount="5" falsecount="0"/>
          <line num="75" count="2" type="stmt"/>
          <line num="77" count="2" type="stmt"/>
          <line num="79" count="2" type="stmt"/>
          <line num="81" count="2" type="stmt"/>
          <line num="84" count="2" type="stmt"/>
        </file>
      </package>
      <package name="src.router">
        <metrics statements="5" coveredstatements="0" conditionals="0" coveredconditionals="0" methods="1" coveredmethods="0"/>
        <file name="index.js" path="E:\Сайты\Проекты\test_Leomax_2\Shop-s-Basket-React-Redux\src\router\index.js">
          <metrics statements="5" coveredstatements="0" conditionals="0" coveredconditionals="0" methods="1" coveredmethods="0"/>
          <line num="1" count="0" type="stmt"/>
          <line num="2" count="0" type="stmt"/>
          <line num="3" count="0" type="stmt"/>
          <line num="5" count="0" type="stmt"/>
          <line num="6" count="0" type="stmt"/>
        </file>
      </package>
    </metrics>
  </project>
</coverage>
