{"E:\\Сайты\\Проекты\\test_Leomax_2\\Shop-s-Basket-React-Redux\\src\\index.js": {"path":"E:\\Сайты\\Проекты\\test_Leomax_2\\Shop-s-Basket-React-Redux\\src\\index.js","statementMap":{"0":{"start":{"line":1,"column":0},"end":{"line":null,"column":-1}},"1":{"start":{"line":2,"column":0},"end":{"line":null,"column":-1}},"2":{"start":{"line":3,"column":0},"end":{"line":null,"column":-1}},"3":{"start":{"line":4,"column":0},"end":{"line":null,"column":-1}},"4":{"start":{"line":5,"column":0},"end":{"line":null,"column":-1}},"5":{"start":{"line":6,"column":0},"end":{"line":null,"column":-1}},"6":{"start":{"line":7,"column":0},"end":{"line":null,"column":-1}},"7":{"start":{"line":8,"column":0},"end":{"line":null,"column":-1}},"8":{"start":{"line":10,"column":0},"end":{"line":null,"column":-1}}},"fnMap":{},"branchMap":{},"s":{"0":0,"1":0,"2":0,"3":0,"4":0,"5":0,"6":0,"7":0,"8":0},"f":{},"b":{}}
,"E:\\Сайты\\Проекты\\test_Leomax_2\\Shop-s-Basket-React-Redux\\src\\setupTests.js": {"path":"E:\\Сайты\\Проекты\\test_Leomax_2\\Shop-s-Basket-React-Redux\\src\\setupTests.js","statementMap":{"0":{"start":{"line":3,"column":0},"end":{"line":3,"column":38}}},"fnMap":{},"branchMap":{},"s":{"0":12},"f":{},"b":{},"_coverageSchema":"332fd63041d2c1bcb487cc26dd0d5f7d97098a6c","hash":"e5a617f4671d5b31e21df995daabdcd2d74389bc"}
,"E:\\Сайты\\Проекты\\test_Leomax_2\\Shop-s-Basket-React-Redux\\src\\Actions\\index.js": {"path":"E:\\Сайты\\Проекты\\test_Leomax_2\\Shop-s-Basket-React-Redux\\src\\Actions\\index.js","statementMap":{"0":{"start":{"line":3,"column":29},"end":{"line":8,"column":1}},"1":{"start":{"line":4,"column":2},"end":{"line":7,"column":3}},"2":{"start":{"line":10,"column":29},"end":{"line":15,"column":1}},"3":{"start":{"line":11,"column":2},"end":{"line":14,"column":3}},"4":{"start":{"line":17,"column":26},"end":{"line":22,"column":1}},"5":{"start":{"line":18,"column":2},"end":{"line":21,"column":3}},"6":{"start":{"line":24,"column":29},"end":{"line":29,"column":1}},"7":{"start":{"line":25,"column":2},"end":{"line":28,"column":3}}},"fnMap":{"0":{"name":"(anonymous_0)","decl":{"start":{"line":3,"column":29},"end":{"line":3,"column":30}},"loc":{"start":{"line":3,"column":59},"end":{"line":8,"column":1}},"line":3},"1":{"name":"(anonymous_1)","decl":{"start":{"line":10,"column":29},"end":{"line":10,"column":30}},"loc":{"start":{"line":10,"column":59},"end":{"line":15,"column":1}},"line":10},"2":{"name":"(anonymous_2)","decl":{"start":{"line":17,"column":26},"end":{"line":17,"column":27}},"loc":{"start":{"line":17,"column":41},"end":{"line":22,"column":1}},"line":17},"3":{"name":"(anonymous_3)","decl":{"start":{"line":24,"column":29},"end":{"line":24,"column":30}},"loc":{"start":{"line":24,"column":46},"end":{"line":29,"column":1}},"line":24}},"branchMap":{},"s":{"0":1,"1":1,"2":1,"3":1,"4":1,"5":1,"6":1,"7":1},"f":{"0":1,"1":1,"2":1,"3":1},"b":{},"_coverageSchema":"332fd63041d2c1bcb487cc26dd0d5f7d97098a6c","hash":"da1442bb70ab41fa181dc43eccf310bf57c2bae3"}
,"E:\\Сайты\\Проекты\\test_Leomax_2\\Shop-s-Basket-React-Redux\\src\\Store\\index.js": {"path":"E:\\Сайты\\Проекты\\test_Leomax_2\\Shop-s-Basket-React-Redux\\src\\Store\\index.js","statementMap":{"0":{"start":{"line":2,"column":0},"end":{"line":null,"column":-1}},"1":{"start":{"line":3,"column":0},"end":{"line":null,"column":-1}},"2":{"start":{"line":5,"column":21},"end":{"line":5,"column":7}}},"fnMap":{},"branchMap":{},"s":{"0":0,"1":0,"2":0},"f":{},"b":{}}
,"E:\\Сайты\\Проекты\\test_Leomax_2\\Shop-s-Basket-React-Redux\\src\\components\\index.js": {"path":"E:\\Сайты\\Проекты\\test_Leomax_2\\Shop-s-Basket-React-Redux\\src\\components\\index.js","statementMap":{},"fnMap":{},"branchMap":{},"s":{},"f":{},"b":{},"_coverageSchema":"332fd63041d2c1bcb487cc26dd0d5f7d97098a6c","hash":"23263c321e90636ca339fa4a60d0f46c356d1d57"}
,"E:\\Сайты\\Проекты\\test_Leomax_2\\Shop-s-Basket-React-Redux\\src\\components\\EditNumber\\index.js": {"path":"E:\\Сайты\\Проекты\\test_Leomax_2\\Shop-s-Basket-React-Redux\\src\\components\\EditNumber\\index.js","statementMap":{"0":{"start":{"line":5,"column":20},"end":{"line":11,"column":1}},"1":{"start":{"line":13,"column":13},"end":{"line":23,"column":1}},"2":{"start":{"line":25,"column":22},"end":{"line":36,"column":1}},"3":{"start":{"line":38,"column":14},"end":{"line":48,"column":1}},"4":{"start":{"line":50,"column":26},"end":{"line":74,"column":1}},"5":{"start":{"line":57,"column":2},"end":{"line":73,"column":3}},"6":{"start":{"line":61,"column":23},"end":{"line":61,"column":62}},"7":{"start":{"line":68,"column":23},"end":{"line":68,"column":62}},"8":{"start":{"line":76,"column":0},"end":{"line":82,"column":1}},"9":{"start":{"line":80,"column":19},"end":{"line":80,"column":35}},"10":{"start":{"line":81,"column":19},"end":{"line":81,"column":35}},"11":{"start":{"line":84,"column":0},"end":{"line":90,"column":1}}},"fnMap":{"0":{"name":"(anonymous_0)","decl":{"start":{"line":50,"column":26},"end":{"line":50,"column":27}},"loc":{"start":{"line":56,"column":6},"end":{"line":74,"column":1}},"line":56},"1":{"name":"(anonymous_1)","decl":{"start":{"line":61,"column":17},"end":{"line":61,"column":18}},"loc":{"start":{"line":61,"column":23},"end":{"line":61,"column":62}},"line":61},"2":{"name":"(anonymous_2)","decl":{"start":{"line":68,"column":17},"end":{"line":68,"column":18}},"loc":{"start":{"line":68,"column":23},"end":{"line":68,"column":62}},"line":68},"3":{"name":"(anonymous_3)","decl":{"start":{"line":80,"column":13},"end":{"line":80,"column":14}},"loc":{"start":{"line":80,"column":19},"end":{"line":80,"column":35}},"line":80},"4":{"name":"(anonymous_4)","decl":{"start":{"line":81,"column":13},"end":{"line":81,"column":14}},"loc":{"start":{"line":81,"column":19},"end":{"line":81,"column":35}},"line":81}},"branchMap":{},"s":{"0":2,"1":2,"2":2,"3":2,"4":2,"5":2,"6":1,"7":1,"8":2,"9":1,"10":1,"11":2},"f":{"0":2,"1":1,"2":1,"3":1,"4":1},"b":{},"_coverageSchema":"332fd63041d2c1bcb487cc26dd0d5f7d97098a6c","hash":"58309e418e2c2d8c1970413f669eec4d85c64c1a"}
,"E:\\Сайты\\Проекты\\test_Leomax_2\\Shop-s-Basket-React-Redux\\src\\components\\FindComponent\\index.js": {"path":"E:\\Сайты\\Проекты\\test_Leomax_2\\Shop-s-Basket-React-Redux\\src\\components\\FindComponent\\index.js","statementMap":{"0":{"start":{"line":5,"column":20},"end":{"line":11,"column":1}},"1":{"start":{"line":13,"column":17},"end":{"line":29,"column":1}},"2":{"start":{"line":31,"column":17},"end":{"line":39,"column":1}},"3":{"start":{"line":41,"column":29},"end":{"line":52,"column":1}},"4":{"start":{"line":42,"column":2},"end":{"line":51,"column":3}}},"fnMap":{"0":{"name":"(anonymous_0)","decl":{"start":{"line":41,"column":29},"end":{"line":41,"column":30}},"loc":{"start":{"line":41,"column":35},"end":{"line":52,"column":1}},"line":41}},"branchMap":{},"s":{"0":2,"1":2,"2":2,"3":2,"4":1},"f":{"0":1},"b":{},"_coverageSchema":"332fd63041d2c1bcb487cc26dd0d5f7d97098a6c","hash":"13c632e3d325f23b25403272f3810bb11a3bde99"}
,"E:\\Сайты\\Проекты\\test_Leomax_2\\Shop-s-Basket-React-Redux\\src\\components\\FreeCall\\index.js": {"path":"E:\\Сайты\\Проекты\\test_Leomax_2\\Shop-s-Basket-React-Redux\\src\\components\\FreeCall\\index.js","statementMap":{"0":{"start":{"line":4,"column":20},"end":{"line":10,"column":1}},"1":{"start":{"line":12,"column":24},"end":{"line":14,"column":1}},"2":{"start":{"line":13,"column":4},"end":{"line":13,"column":58}}},"fnMap":{"0":{"name":"(anonymous_0)","decl":{"start":{"line":12,"column":24},"end":{"line":12,"column":25}},"loc":{"start":{"line":13,"column":4},"end":{"line":13,"column":58}},"line":13}},"branchMap":{},"s":{"0":2,"1":2,"2":1},"f":{"0":1},"b":{},"_coverageSchema":"332fd63041d2c1bcb487cc26dd0d5f7d97098a6c","hash":"d4d6518be5feb31324f6e35119ffb1bc468945bf"}
,"E:\\Сайты\\Проекты\\test_Leomax_2\\Shop-s-Basket-React-Redux\\src\\components\\LiveStream\\index.js": {"path":"E:\\Сайты\\Проекты\\test_Leomax_2\\Shop-s-Basket-React-Redux\\src\\components\\LiveStream\\index.js","statementMap":{"0":{"start":{"line":4,"column":22},"end":{"line":9,"column":1}},"1":{"start":{"line":11,"column":26},"end":{"line":11,"column":88}},"2":{"start":{"line":11,"column":32},"end":{"line":11,"column":88}}},"fnMap":{"0":{"name":"(anonymous_0)","decl":{"start":{"line":11,"column":26},"end":{"line":11,"column":27}},"loc":{"start":{"line":11,"column":32},"end":{"line":11,"column":88}},"line":11}},"branchMap":{},"s":{"0":2,"1":2,"2":1},"f":{"0":1},"b":{},"_coverageSchema":"332fd63041d2c1bcb487cc26dd0d5f7d97098a6c","hash":"d1694756c9aaa79db8d07642ab62870011bf2015"}
,"E:\\Сайты\\Проекты\\test_Leomax_2\\Shop-s-Basket-React-Redux\\src\\components\\Number\\index.js": {"path":"E:\\Сайты\\Проекты\\test_Leomax_2\\Shop-s-Basket-React-Redux\\src\\components\\Number\\index.js","statementMap":{"0":{"start":{"line":4,"column":18},"end":{"line":10,"column":1}},"1":{"start":{"line":12,"column":22},"end":{"line":12,"column":68}},"2":{"start":{"line":12,"column":28},"end":{"line":12,"column":68}}},"fnMap":{"0":{"name":"(anonymous_0)","decl":{"start":{"line":12,"column":22},"end":{"line":12,"column":23}},"loc":{"start":{"line":12,"column":28},"end":{"line":12,"column":68}},"line":12}},"branchMap":{},"s":{"0":2,"1":2,"2":1},"f":{"0":1},"b":{},"_coverageSchema":"332fd63041d2c1bcb487cc26dd0d5f7d97098a6c","hash":"d6872041e2edbb452dc00654cdb5ff704d6d583c"}
,"E:\\Сайты\\Проекты\\test_Leomax_2\\Shop-s-Basket-React-Redux\\src\\components\\NumberItems\\index.js": {"path":"E:\\Сайты\\Проекты\\test_Leomax_2\\Shop-s-Basket-React-Redux\\src\\components\\NumberItems\\index.js","statementMap":{"0":{"start":{"line":5,"column":20},"end":{"line":13,"column":1}},"1":{"start":{"line":15,"column":29},"end":{"line":21,"column":1}},"2":{"start":{"line":16,"column":2},"end":{"line":20,"column":4}},"3":{"start":{"line":25,"column":0},"end":{"line":27,"column":2}},"4":{"start":{"line":29,"column":0},"end":{"line":31,"column":2}}},"fnMap":{"0":{"name":"(anonymous_0)","decl":{"start":{"line":15,"column":29},"end":{"line":15,"column":30}},"loc":{"start":{"line":15,"column":50},"end":{"line":21,"column":1}},"line":15}},"branchMap":{"0":{"loc":{"start":{"line":18,"column":21},"end":{"line":18,"column":116}},"type":"cond-expr","locations":[{"start":{"line":18,"column":66},"end":{"line":18,"column":90}},{"start":{"line":18,"column":93},"end":{"line":18,"column":116}}],"line":18},"1":{"loc":{"start":{"line":18,"column":22},"end":{"line":18,"column":62}},"type":"binary-expr","locations":[{"start":{"line":18,"column":22},"end":{"line":18,"column":39}},{"start":{"line":18,"column":43},"end":{"line":18,"column":62}}],"line":18}},"s":{"0":2,"1":2,"2":2,"3":2,"4":2},"f":{"0":2},"b":{"0":[1,1],"1":[2,1]},"_coverageSchema":"332fd63041d2c1bcb487cc26dd0d5f7d97098a6c","hash":"9aae56cdfacf7e5463cc3416f1d300f6986b3b40"}
,"E:\\Сайты\\Проекты\\test_Leomax_2\\Shop-s-Basket-React-Redux\\src\\components\\Star\\index.js": {"path":"E:\\Сайты\\Проекты\\test_Leomax_2\\Shop-s-Basket-React-Redux\\src\\components\\Star\\index.js","statementMap":{"0":{"start":{"line":4,"column":16},"end":{"line":9,"column":1}},"1":{"start":{"line":11,"column":20},"end":{"line":11,"column":58}},"2":{"start":{"line":11,"column":26},"end":{"line":11,"column":58}}},"fnMap":{"0":{"name":"(anonymous_0)","decl":{"start":{"line":11,"column":20},"end":{"line":11,"column":21}},"loc":{"start":{"line":11,"column":26},"end":{"line":11,"column":58}},"line":11}},"branchMap":{},"s":{"0":2,"1":2,"2":1},"f":{"0":1},"b":{},"_coverageSchema":"332fd63041d2c1bcb487cc26dd0d5f7d97098a6c","hash":"b6d50545feb4422fbdd579e34acd8207088c426e"}
,"E:\\Сайты\\Проекты\\test_Leomax_2\\Shop-s-Basket-React-Redux\\src\\components\\YouTube\\index.js": {"path":"E:\\Сайты\\Проекты\\test_Leomax_2\\Shop-s-Basket-React-Redux\\src\\components\\YouTube\\index.js","statementMap":{"0":{"start":{"line":4,"column":19},"end":{"line":9,"column":1}},"1":{"start":{"line":11,"column":23},"end":{"line":11,"column":77}},"2":{"start":{"line":11,"column":29},"end":{"line":11,"column":77}}},"fnMap":{"0":{"name":"(anonymous_0)","decl":{"start":{"line":11,"column":23},"end":{"line":11,"column":24}},"loc":{"start":{"line":11,"column":29},"end":{"line":11,"column":77}},"line":11}},"branchMap":{},"s":{"0":2,"1":2,"2":1},"f":{"0":1},"b":{},"_coverageSchema":"332fd63041d2c1bcb487cc26dd0d5f7d97098a6c","hash":"9f1554435717b8df90a4a823ebe6623d0f21ce08"}
,"E:\\Сайты\\Проекты\\test_Leomax_2\\Shop-s-Basket-React-Redux\\src\\containers\\App\\index.js": {"path":"E:\\Сайты\\Проекты\\test_Leomax_2\\Shop-s-Basket-React-Redux\\src\\containers\\App\\index.js","statementMap":{"0":{"start":{"line":1,"column":0},"end":{"line":null,"column":-1}},"1":{"start":{"line":2,"column":0},"end":{"line":null,"column":-1}},"2":{"start":{"line":3,"column":0},"end":{"line":null,"column":-1}},"3":{"start":{"line":5,"column":0},"end":{"line":null,"column":-1}},"4":{"start":{"line":7,"column":12},"end":{"line":7,"column":0}},"5":{"start":{"line":8,"column":2},"end":{"line":null,"column":-1}},"6":{"start":{"line":11,"column":24},"end":{"line":11,"column":0}},"7":{"start":{"line":12,"column":2},"end":{"line":null,"column":-1}},"8":{"start":{"line":15,"column":27},"end":{"line":15,"column":0}},"9":{"start":{"line":16,"column":2},"end":{"line":null,"column":-1}},"10":{"start":{"line":18,"column":6},"end":{"line":null,"column":-1}},"11":{"start":{"line":21,"column":6},"end":{"line":null,"column":-1}},"12":{"start":{"line":24,"column":6},"end":{"line":null,"column":-1}},"13":{"start":{"line":27,"column":6},"end":{"line":null,"column":-1}}},"fnMap":{"0":{"name":"(anonymous_0)","decl":{"start":{"line":7,"column":12},"end":{"line":7,"column":16}},"loc":{"start":{"line":7,"column":21},"end":{"line":7,"column":0}}},"1":{"name":"(anonymous_1)","decl":{"start":{"line":11,"column":24},"end":{"line":11,"column":28}},"loc":{"start":{"line":11,"column":33},"end":{"line":11,"column":0}}},"2":{"name":"(anonymous_2)","decl":{"start":{"line":15,"column":27},"end":{"line":15,"column":34}},"loc":{"start":{"line":15,"column":39},"end":{"line":15,"column":0}}}},"branchMap":{},"s":{"0":0,"1":0,"2":0,"3":0,"4":0,"5":0,"6":0,"7":0,"8":0,"9":0,"10":0,"11":0,"12":0,"13":0},"f":{"0":0,"1":0,"2":0},"b":{}}
,"E:\\Сайты\\Проекты\\test_Leomax_2\\Shop-s-Basket-React-Redux\\src\\helpers\\index.js": {"path":"E:\\Сайты\\Проекты\\test_Leomax_2\\Shop-s-Basket-React-Redux\\src\\helpers\\index.js","statementMap":{"0":{"start":{"line":9,"column":35},"end":{"line":30,"column":1}},"1":{"start":{"line":10,"column":19},"end":{"line":10,"column":29}},"2":{"start":{"line":11,"column":2},"end":{"line":16,"column":3}},"3":{"start":{"line":12,"column":4},"end":{"line":14,"column":6}},"4":{"start":{"line":13,"column":6},"end":{"line":13,"column":70}},"5":{"start":{"line":13,"column":29},"end":{"line":13,"column":70}},"6":{"start":{"line":15,"column":4},"end":{"line":15,"column":19}},"7":{"start":{"line":17,"column":2},"end":{"line":24,"column":3}},"8":{"start":{"line":18,"column":4},"end":{"line":22,"column":5}},"9":{"start":{"line":19,"column":6},"end":{"line":21,"column":8}},"10":{"start":{"line":20,"column":8},"end":{"line":20,"column":72}},"11":{"start":{"line":20,"column":31},"end":{"line":20,"column":72}},"12":{"start":{"line":23,"column":4},"end":{"line":23,"column":19}},"13":{"start":{"line":25,"column":2},"end":{"line":27,"column":3}},"14":{"start":{"line":26,"column":4},"end":{"line":26,"column":56}},"15":{"start":{"line":26,"column":38},"end":{"line":26,"column":55}},"16":{"start":{"line":29,"column":2},"end":{"line":29,"column":17}},"17":{"start":{"line":32,"column":31},"end":{"line":38,"column":1}},"18":{"start":{"line":33,"column":15},"end":{"line":33,"column":16}},"19":{"start":{"line":34,"column":2},"end":{"line":36,"column":4}},"20":{"start":{"line":35,"column":4},"end":{"line":35,"column":59}},"21":{"start":{"line":37,"column":2},"end":{"line":37,"column":15}},"22":{"start":{"line":40,"column":26},"end":{"line":60,"column":1}},"23":{"start":{"line":41,"column":2},"end":{"line":59,"column":3}},"24":{"start":{"line":43,"column":6},"end":{"line":43,"column":23}},"25":{"start":{"line":45,"column":6},"end":{"line":45,"column":24}},"26":{"start":{"line":47,"column":6},"end":{"line":47,"column":23}},"27":{"start":{"line":49,"column":6},"end":{"line":49,"column":24}},"28":{"start":{"line":51,"column":6},"end":{"line":51,"column":28}},"29":{"start":{"line":53,"column":6},"end":{"line":53,"column":27}},"30":{"start":{"line":55,"column":6},"end":{"line":55,"column":27}},"31":{"start":{"line":58,"column":6},"end":{"line":58,"column":32}},"32":{"start":{"line":62,"column":32},"end":{"line":68,"column":1}},"33":{"start":{"line":63,"column":15},"end":{"line":63,"column":16}},"34":{"start":{"line":64,"column":2},"end":{"line":66,"column":4}},"35":{"start":{"line":65,"column":4},"end":{"line":65,"column":35}},"36":{"start":{"line":67,"column":2},"end":{"line":67,"column":15}}},"fnMap":{"0":{"name":"(anonymous_0)","decl":{"start":{"line":9,"column":35},"end":{"line":9,"column":36}},"loc":{"start":{"line":9,"column":76},"end":{"line":30,"column":1}},"line":9},"1":{"name":"(anonymous_1)","decl":{"start":{"line":12,"column":21},"end":{"line":12,"column":22}},"loc":{"start":{"line":12,"column":32},"end":{"line":14,"column":5}},"line":12},"2":{"name":"(anonymous_2)","decl":{"start":{"line":19,"column":23},"end":{"line":19,"column":24}},"loc":{"start":{"line":19,"column":34},"end":{"line":21,"column":7}},"line":19},"3":{"name":"(anonymous_3)","decl":{"start":{"line":26,"column":27},"end":{"line":26,"column":28}},"loc":{"start":{"line":26,"column":38},"end":{"line":26,"column":55}},"line":26},"4":{"name":"(anonymous_4)","decl":{"start":{"line":32,"column":31},"end":{"line":32,"column":32}},"loc":{"start":{"line":32,"column":40},"end":{"line":38,"column":1}},"line":32},"5":{"name":"(anonymous_5)","decl":{"start":{"line":34,"column":16},"end":{"line":34,"column":17}},"loc":{"start":{"line":34,"column":27},"end":{"line":36,"column":3}},"line":34},"6":{"name":"(anonymous_6)","decl":{"start":{"line":40,"column":26},"end":{"line":40,"column":27}},"loc":{"start":{"line":40,"column":40},"end":{"line":60,"column":1}},"line":40},"7":{"name":"(anonymous_7)","decl":{"start":{"line":62,"column":32},"end":{"line":62,"column":33}},"loc":{"start":{"line":62,"column":41},"end":{"line":68,"column":1}},"line":62},"8":{"name":"(anonymous_8)","decl":{"start":{"line":64,"column":16},"end":{"line":64,"column":17}},"loc":{"start":{"line":64,"column":27},"end":{"line":66,"column":3}},"line":64}},"branchMap":{"0":{"loc":{"start":{"line":11,"column":2},"end":{"line":16,"column":3}},"type":"if","locations":[{"start":{"line":11,"column":2},"end":{"line":16,"column":3}},{"start":{"line":11,"column":2},"end":{"line":16,"column":3}}],"line":11},"1":{"loc":{"start":{"line":13,"column":6},"end":{"line":13,"column":70}},"type":"if","locations":[{"start":{"line":13,"column":6},"end":{"line":13,"column":70}},{"start":{"line":13,"column":6},"end":{"line":13,"column":70}}],"line":13},"2":{"loc":{"start":{"line":17,"column":2},"end":{"line":24,"column":3}},"type":"if","locations":[{"start":{"line":17,"column":2},"end":{"line":24,"column":3}},{"start":{"line":17,"column":2},"end":{"line":24,"column":3}}],"line":17},"3":{"loc":{"start":{"line":18,"column":4},"end":{"line":22,"column":5}},"type":"if","locations":[{"start":{"line":18,"column":4},"end":{"line":22,"column":5}},{"start":{"line":18,"column":4},"end":{"line":22,"column":5}}],"line":18},"4":{"loc":{"start":{"line":20,"column":8},"end":{"line":20,"column":72}},"type":"if","locations":[{"start":{"line":20,"column":8},"end":{"line":20,"column":72}},{"start":{"line":20,"column":8},"end":{"line":20,"column":72}}],"line":20},"5":{"loc":{"start":{"line":25,"column":2},"end":{"line":27,"column":3}},"type":"if","locations":[{"start":{"line":25,"column":2},"end":{"line":27,"column":3}},{"start":{"line":25,"column":2},"end":{"line":27,"column":3}}],"line":25},"6":{"loc":{"start":{"line":41,"column":2},"end":{"line":59,"column":3}},"type":"switch","locations":[{"start":{"line":42,"column":4},"end":{"line":43,"column":23}},{"start":{"line":44,"column":4},"end":{"line":45,"column":24}},{"start":{"line":46,"column":4},"end":{"line":47,"column":23}},{"start":{"line":48,"column":4},"end":{"line":49,"column":24}},{"start":{"line":50,"column":4},"end":{"line":51,"column":28}},{"start":{"line":52,"column":4},"end":{"line":53,"column":27}},{"start":{"line":54,"column":4},"end":{"line":55,"column":27}},{"start":{"line":57,"column":4},"end":{"line":58,"column":32}}],"line":41}},"s":{"0":3,"1":14,"2":14,"3":4,"4":16,"5":4,"6":4,"7":10,"8":5,"9":2,"10":8,"11":2,"12":5,"13":5,"14":4,"15":16,"16":1,"17":3,"18":1,"19":1,"20":4,"21":1,"22":3,"23":8,"24":1,"25":1,"26":1,"27":1,"28":1,"29":1,"30":1,"31":1,"32":3,"33":1,"34":1,"35":4,"36":1},"f":{"0":14,"1":16,"2":8,"3":16,"4":1,"5":4,"6":8,"7":1,"8":4},"b":{"0":[4,10],"1":[4,12],"2":[5,5],"3":[2,3],"4":[2,6],"5":[4,1],"6":[1,1,1,1,1,1,1,1]},"_coverageSchema":"332fd63041d2c1bcb487cc26dd0d5f7d97098a6c","hash":"a3e76279b147c0f19aaa78f55bc60696922efe6b"}
,"E:\\Сайты\\Проекты\\test_Leomax_2\\Shop-s-Basket-React-Redux\\src\\modules\\index.js": {"path":"E:\\Сайты\\Проекты\\test_Leomax_2\\Shop-s-Basket-React-Redux\\src\\modules\\index.js","statementMap":{"0":{"start":{"line":1,"column":0},"end":{"line":null,"column":-1}},"1":{"start":{"line":2,"column":0},"end":{"line":null,"column":-1}},"2":{"start":{"line":3,"column":0},"end":{"line":null,"column":-1}},"3":{"start":{"line":4,"column":0},"end":{"line":null,"column":-1}},"4":{"start":{"line":5,"column":0},"end":{"line":null,"column":-1}},"5":{"start":{"line":6,"column":0},"end":{"line":null,"column":-1}},"6":{"start":{"line":7,"column":0},"end":{"line":null,"column":-1}},"7":{"start":{"line":8,"column":0},"end":{"line":null,"column":-1}}},"fnMap":{"0":{"name":"(anonymous_0)","decl":{"start":{"line":1,"column":0},"end":{"line":null,"column":-1}},"loc":{"start":{"line":1,"column":0},"end":{"line":null,"column":-1}}},"1":{"name":"(anonymous_2)","decl":{"start":{"line":2,"column":0},"end":{"line":null,"column":-1}},"loc":{"start":{"line":2,"column":0},"end":{"line":null,"column":-1}}},"2":{"name":"(anonymous_4)","decl":{"start":{"line":3,"column":0},"end":{"line":null,"column":-1}},"loc":{"start":{"line":3,"column":0},"end":{"line":null,"column":-1}}},"3":{"name":"(anonymous_6)","decl":{"start":{"line":4,"column":0},"end":{"line":null,"column":-1}},"loc":{"start":{"line":4,"column":0},"end":{"line":null,"column":-1}}},"4":{"name":"(anonymous_8)","decl":{"start":{"line":5,"column":0},"end":{"line":null,"column":-1}},"loc":{"start":{"line":5,"column":0},"end":{"line":null,"column":-1}}},"5":{"name":"(anonymous_10)","decl":{"start":{"line":6,"column":0},"end":{"line":null,"column":-1}},"loc":{"start":{"line":6,"column":0},"end":{"line":null,"column":-1}}},"6":{"name":"(anonymous_12)","decl":{"start":{"line":7,"column":0},"end":{"line":null,"column":-1}},"loc":{"start":{"line":7,"column":0},"end":{"line":null,"column":-1}}},"7":{"name":"(anonymous_14)","decl":{"start":{"line":8,"column":0},"end":{"line":null,"column":-1}},"loc":{"start":{"line":8,"column":0},"end":{"line":null,"column":-1}}}},"branchMap":{"0":{"loc":{"start":{"line":1,"column":0},"end":{"line":null,"column":-1}},"type":"if","locations":[{"start":{"line":1,"column":0},"end":{"line":null,"column":-1}},{"start":{"line":1,"column":0},"end":{"line":null,"column":-1}}]},"1":{"loc":{"start":{"line":2,"column":0},"end":{"line":null,"column":-1}},"type":"if","locations":[{"start":{"line":2,"column":0},"end":{"line":null,"column":-1}},{"start":{"line":2,"column":0},"end":{"line":null,"column":-1}}]},"2":{"loc":{"start":{"line":3,"column":0},"end":{"line":null,"column":-1}},"type":"if","locations":[{"start":{"line":3,"column":0},"end":{"line":null,"column":-1}},{"start":{"line":3,"column":0},"end":{"line":null,"column":-1}}]},"3":{"loc":{"start":{"line":4,"column":0},"end":{"line":null,"column":-1}},"type":"if","locations":[{"start":{"line":4,"column":0},"end":{"line":null,"column":-1}},{"start":{"line":4,"column":0},"end":{"line":null,"column":-1}}]},"4":{"loc":{"start":{"line":5,"column":0},"end":{"line":null,"column":-1}},"type":"if","locations":[{"start":{"line":5,"column":0},"end":{"line":null,"column":-1}},{"start":{"line":5,"column":0},"end":{"line":null,"column":-1}}]},"5":{"loc":{"start":{"line":6,"column":0},"end":{"line":null,"column":-1}},"type":"if","locations":[{"start":{"line":6,"column":0},"end":{"line":null,"column":-1}},{"start":{"line":6,"column":0},"end":{"line":null,"column":-1}}]},"6":{"loc":{"start":{"line":7,"column":0},"end":{"line":null,"column":-1}},"type":"if","locations":[{"start":{"line":7,"column":0},"end":{"line":null,"column":-1}},{"start":{"line":7,"column":0},"end":{"line":null,"column":-1}}]},"7":{"loc":{"start":{"line":8,"column":0},"end":{"line":null,"column":-1}},"type":"if","locations":[{"start":{"line":8,"column":0},"end":{"line":null,"column":-1}},{"start":{"line":8,"column":0},"end":{"line":null,"column":-1}}]}},"s":{"0":0,"1":0,"2":0,"3":0,"4":0,"5":0,"6":0,"7":0},"f":{"0":0,"1":0,"2":0,"3":0,"4":0,"5":0,"6":0,"7":0},"b":{"0":[0,0],"1":[0,0],"2":[0,0],"3":[0,0],"4":[0,0],"5":[0,0],"6":[0,0],"7":[0,0]}}
,"E:\\Сайты\\Проекты\\test_Leomax_2\\Shop-s-Basket-React-Redux\\src\\modules\\AdvertisingBlock\\index.js": {"path":"E:\\Сайты\\Проекты\\test_Leomax_2\\Shop-s-Basket-React-Redux\\src\\modules\\AdvertisingBlock\\index.js","statementMap":{"0":{"start":{"line":1,"column":0},"end":{"line":null,"column":-1}},"1":{"start":{"line":2,"column":0},"end":{"line":null,"column":-1}},"2":{"start":{"line":3,"column":0},"end":{"line":null,"column":-1}},"3":{"start":{"line":4,"column":0},"end":{"line":null,"column":-1}},"4":{"start":{"line":6,"column":18},"end":{"line":6,"column":0}},"5":{"start":{"line":12,"column":20},"end":{"line":12,"column":0}},"6":{"start":{"line":19,"column":19},"end":{"line":19,"column":0}},"7":{"start":{"line":21,"column":13},"end":{"line":21,"column":0}},"8":{"start":{"line":54,"column":20},"end":{"line":54,"column":0}},"9":{"start":{"line":60,"column":18},"end":{"line":60,"column":0}},"10":{"start":{"line":65,"column":18},"end":{"line":65,"column":0}},"11":{"start":{"line":70,"column":17},"end":{"line":70,"column":0}},"12":{"start":{"line":81,"column":18},"end":{"line":81,"column":0}},"13":{"start":{"line":91,"column":32},"end":{"line":91,"column":7}},"14":{"start":{"line":92,"column":2},"end":{"line":null,"column":-1}},"15":{"start":{"line":100,"column":12},"end":{"line":null,"column":-1}},"16":{"start":{"line":116,"column":0},"end":{"line":null,"column":-1}},"17":{"start":{"line":120,"column":0},"end":{"line":null,"column":-1}}},"fnMap":{"0":{"name":"(anonymous_0)","decl":{"start":{"line":91,"column":32},"end":{"line":91,"column":33}},"loc":{"start":{"line":91,"column":49},"end":{"line":91,"column":7}}},"1":{"name":"(anonymous_1)","decl":{"start":{"line":99,"column":23},"end":{"line":99,"column":24}},"loc":{"start":{"line":99,"column":40},"end":{"line":99,"column":11}}}},"branchMap":{},"s":{"0":0,"1":0,"2":0,"3":0,"4":0,"5":0,"6":0,"7":0,"8":0,"9":0,"10":0,"11":0,"12":0,"13":0,"14":0,"15":0,"16":0,"17":0},"f":{"0":0,"1":0},"b":{}}
,"E:\\Сайты\\Проекты\\test_Leomax_2\\Shop-s-Basket-React-Redux\\src\\modules\\BasketPage\\index.js": {"path":"E:\\Сайты\\Проекты\\test_Leomax_2\\Shop-s-Basket-React-Redux\\src\\modules\\BasketPage\\index.js","statementMap":{"0":{"start":{"line":1,"column":0},"end":{"line":null,"column":-1}},"1":{"start":{"line":2,"column":0},"end":{"line":null,"column":-1}},"2":{"start":{"line":3,"column":0},"end":{"line":null,"column":-1}},"3":{"start":{"line":11,"column":0},"end":{"line":null,"column":-1}},"4":{"start":{"line":13,"column":20},"end":{"line":13,"column":0}},"5":{"start":{"line":20,"column":26},"end":{"line":20,"column":7}},"6":{"start":{"line":32,"column":2},"end":{"line":null,"column":-1}}},"fnMap":{"0":{"name":"(anonymous_0)","decl":{"start":{"line":20,"column":26},"end":{"line":20,"column":27}},"loc":{"start":{"line":31,"column":6},"end":{"line":20,"column":7}}}},"branchMap":{},"s":{"0":0,"1":0,"2":0,"3":0,"4":0,"5":0,"6":0},"f":{"0":0},"b":{}}
,"E:\\Сайты\\Проекты\\test_Leomax_2\\Shop-s-Basket-React-Redux\\src\\modules\\DiscountWrapper\\index.js": {"path":"E:\\Сайты\\Проекты\\test_Leomax_2\\Shop-s-Basket-React-Redux\\src\\modules\\DiscountWrapper\\index.js","statementMap":{"0":{"start":{"line":1,"column":0},"end":{"line":null,"column":-1}},"1":{"start":{"line":2,"column":0},"end":{"line":null,"column":-1}},"2":{"start":{"line":3,"column":0},"end":{"line":null,"column":-1}},"3":{"start":{"line":4,"column":0},"end":{"line":null,"column":-1}},"4":{"start":{"line":6,"column":31},"end":{"line":6,"column":7}},"5":{"start":{"line":13,"column":18},"end":{"line":13,"column":2}},"6":{"start":{"line":14,"column":2},"end":{"line":null,"column":-1}},"7":{"start":{"line":21,"column":28},"end":{"line":19,"column":10}},"8":{"start":{"line":24,"column":27},"end":{"line":19,"column":10}},"9":{"start":{"line":70,"column":0},"end":{"line":null,"column":-1}},"10":{"start":{"line":74,"column":23},"end":{"line":70,"column":31}},"11":{"start":{"line":78,"column":0},"end":{"line":null,"column":-1}}},"fnMap":{"0":{"name":"(anonymous_0)","decl":{"start":{"line":6,"column":31},"end":{"line":6,"column":32}},"loc":{"start":{"line":12,"column":6},"end":{"line":6,"column":7}}},"1":{"name":"(anonymous_1)","decl":{"start":{"line":21,"column":22},"end":{"line":21,"column":27}},"loc":{"start":{"line":21,"column":28},"end":{"line":19,"column":10}}},"2":{"name":"(anonymous_2)","decl":{"start":{"line":24,"column":17},"end":{"line":24,"column":21}},"loc":{"start":{"line":24,"column":27},"end":{"line":19,"column":10}}},"3":{"name":"(anonymous_3)","decl":{"start":{"line":74,"column":17},"end":{"line":74,"column":22}},"loc":{"start":{"line":74,"column":23},"end":{"line":70,"column":31}}}},"branchMap":{"0":{"loc":{"start":{"line":28,"column":43},"end":{"line":28,"column":19}},"type":"cond-expr","locations":[{"start":{"line":28,"column":43},"end":{"line":28,"column":19}},{"start":{"line":28,"column":76},"end":{"line":26,"column":10}}]},"1":{"loc":{"start":{"line":28,"column":19},"end":{"line":28,"column":27}},"type":"binary-expr","locations":[{"start":{"line":28,"column":19},"end":{"line":28,"column":27}},{"start":{"line":28,"column":31},"end":{"line":28,"column":19}}]},"2":{"loc":{"start":{"line":41,"column":14},"end":{"line":40,"column":21}},"type":"cond-expr","locations":[{"start":{"line":41,"column":14},"end":{"line":40,"column":21}},{"start":{"line":44,"column":16},"end":{"line":36,"column":10}}]},"3":{"loc":{"start":{"line":54,"column":27},"end":{"line":54,"column":23}},"type":"cond-expr","locations":[{"start":{"line":54,"column":27},"end":{"line":54,"column":23}},{"start":{"line":54,"column":52},"end":{"line":53,"column":12}}]},"4":{"loc":{"start":{"line":58,"column":18},"end":{"line":57,"column":15}},"type":"cond-expr","locations":[{"start":{"line":58,"column":18},"end":{"line":57,"column":15}},{"start":{"line":59,"column":18},"end":{"line":56,"column":12}}]},"5":{"loc":{"start":{"line":57,"column":15},"end":{"line":57,"column":23}},"type":"binary-expr","locations":[{"start":{"line":57,"column":15},"end":{"line":57,"column":23}},{"start":{"line":57,"column":27},"end":{"line":57,"column":15}}]}},"s":{"0":0,"1":0,"2":0,"3":0,"4":0,"5":0,"6":0,"7":0,"8":0,"9":0,"10":0,"11":0},"f":{"0":0,"1":0,"2":0,"3":0},"b":{"0":[0,0],"1":[0,0],"2":[0,0],"3":[0,0],"4":[0,0],"5":[0,0]}}
,"E:\\Сайты\\Проекты\\test_Leomax_2\\Shop-s-Basket-React-Redux\\src\\modules\\Footer\\index.js": {"path":"E:\\Сайты\\Проекты\\test_Leomax_2\\Shop-s-Basket-React-Redux\\src\\modules\\Footer\\index.js","statementMap":{"0":{"start":{"line":1,"column":0},"end":{"line":null,"column":-1}},"1":{"start":{"line":2,"column":0},"end":{"line":null,"column":-1}},"2":{"start":{"line":3,"column":0},"end":{"line":null,"column":-1}},"3":{"start":{"line":5,"column":22},"end":{"line":5,"column":7}},"4":{"start":{"line":6,"column":2},"end":{"line":null,"column":-1}}},"fnMap":{"0":{"name":"(anonymous_0)","decl":{"start":{"line":5,"column":22},"end":{"line":5,"column":27}},"loc":{"start":{"line":5,"column":28},"end":{"line":5,"column":7}}}},"branchMap":{},"s":{"0":0,"1":0,"2":0,"3":0,"4":0},"f":{"0":0},"b":{}}
,"E:\\Сайты\\Проекты\\test_Leomax_2\\Shop-s-Basket-React-Redux\\src\\modules\\Header\\index.js": {"path":"E:\\Сайты\\Проекты\\test_Leomax_2\\Shop-s-Basket-React-Redux\\src\\modules\\Header\\index.js","statementMap":{"0":{"start":{"line":1,"column":0},"end":{"line":null,"column":-1}},"1":{"start":{"line":2,"column":0},"end":{"line":null,"column":-1}},"2":{"start":{"line":3,"column":0},"end":{"line":null,"column":-1}},"3":{"start":{"line":4,"column":0},"end":{"line":null,"column":-1}},"4":{"start":{"line":5,"column":0},"end":{"line":null,"column":-1}},"5":{"start":{"line":6,"column":0},"end":{"line":null,"column":-1}},"6":{"start":{"line":8,"column":22},"end":{"line":8,"column":0}},"7":{"start":{"line":16,"column":18},"end":{"line":16,"column":0}},"8":{"start":{"line":22,"column":22},"end":{"line":22,"column":0}},"9":{"start":{"line":30,"column":20},"end":{"line":30,"column":0}},"10":{"start":{"line":37,"column":20},"end":{"line":37,"column":0}},"11":{"start":{"line":44,"column":23},"end":{"line":44,"column":0}},"12":{"start":{"line":51,"column":26},"end":{"line":51,"column":0}},"13":{"start":{"line":58,"column":17},"end":{"line":58,"column":0}},"14":{"start":{"line":67,"column":20},"end":{"line":67,"column":0}},"15":{"start":{"line":76,"column":23},"end":{"line":76,"column":0}},"16":{"start":{"line":85,"column":22},"end":{"line":85,"column":7}},"17":{"start":{"line":86,"column":2},"end":{"line":null,"column":-1}}},"fnMap":{"0":{"name":"(anonymous_0)","decl":{"start":{"line":85,"column":22},"end":{"line":85,"column":27}},"loc":{"start":{"line":85,"column":28},"end":{"line":85,"column":7}}}},"branchMap":{},"s":{"0":0,"1":0,"2":0,"3":0,"4":0,"5":0,"6":0,"7":0,"8":0,"9":0,"10":0,"11":0,"12":0,"13":0,"14":0,"15":0,"16":0,"17":0},"f":{"0":0},"b":{}}
,"E:\\Сайты\\Проекты\\test_Leomax_2\\Shop-s-Basket-React-Redux\\src\\modules\\MainBlock\\index.js": {"path":"E:\\Сайты\\Проекты\\test_Leomax_2\\Shop-s-Basket-React-Redux\\src\\modules\\MainBlock\\index.js","statementMap":{"0":{"start":{"line":1,"column":0},"end":{"line":null,"column":-1}},"1":{"start":{"line":2,"column":0},"end":{"line":null,"column":-1}},"2":{"start":{"line":3,"column":0},"end":{"line":null,"column":-1}},"3":{"start":{"line":4,"column":0},"end":{"line":null,"column":-1}},"4":{"start":{"line":5,"column":0},"end":{"line":null,"column":-1}},"5":{"start":{"line":6,"column":0},"end":{"line":null,"column":-1}},"6":{"start":{"line":7,"column":0},"end":{"line":null,"column":-1}},"7":{"start":{"line":9,"column":18},"end":{"line":9,"column":0}},"8":{"start":{"line":42,"column":25},"end":{"line":42,"column":0}},"9":{"start":{"line":47,"column":20},"end":{"line":47,"column":0}},"10":{"start":{"line":52,"column":19},"end":{"line":52,"column":0}},"11":{"start":{"line":57,"column":20},"end":{"line":57,"column":0}},"12":{"start":{"line":62,"column":22},"end":{"line":62,"column":0}},"13":{"start":{"line":72,"column":29},"end":{"line":72,"column":0}},"14":{"start":{"line":81,"column":24},"end":{"line":81,"column":0}},"15":{"start":{"line":91,"column":23},"end":{"line":91,"column":0}},"16":{"start":{"line":101,"column":24},"end":{"line":101,"column":0}},"17":{"start":{"line":110,"column":20},"end":{"line":110,"column":0}},"18":{"start":{"line":112,"column":22},"end":{"line":112,"column":0}},"19":{"start":{"line":119,"column":18},"end":{"line":119,"column":0}},"20":{"start":{"line":127,"column":27},"end":{"line":127,"column":0}},"21":{"start":{"line":132,"column":17},"end":{"line":132,"column":0}},"22":{"start":{"line":140,"column":17},"end":{"line":140,"column":0}},"23":{"start":{"line":148,"column":17},"end":{"line":148,"column":0}},"24":{"start":{"line":155,"column":18},"end":{"line":155,"column":0}},"25":{"start":{"line":162,"column":18},"end":{"line":162,"column":0}},"26":{"start":{"line":172,"column":19},"end":{"line":172,"column":0}},"27":{"start":{"line":180,"column":25},"end":{"line":180,"column":7}},"28":{"start":{"line":190,"column":2},"end":{"line":null,"column":-1}},"29":{"start":{"line":206,"column":10},"end":{"line":null,"column":-1}},"30":{"start":{"line":227,"column":31},"end":{"line":225,"column":14}},"31":{"start":{"line":244,"column":0},"end":{"line":null,"column":-1}},"32":{"start":{"line":246,"column":19},"end":{"line":244,"column":25}},"33":{"start":{"line":247,"column":19},"end":{"line":244,"column":25}},"34":{"start":{"line":248,"column":20},"end":{"line":244,"column":25}},"35":{"start":{"line":251,"column":23},"end":{"line":244,"column":25}},"36":{"start":{"line":255,"column":0},"end":{"line":null,"column":-1}}},"fnMap":{"0":{"name":"(anonymous_0)","decl":{"start":{"line":180,"column":25},"end":{"line":180,"column":26}},"loc":{"start":{"line":189,"column":6},"end":{"line":180,"column":7}}},"1":{"name":"(anonymous_1)","decl":{"start":{"line":205,"column":23},"end":{"line":205,"column":26}},"loc":{"start":{"line":205,"column":31},"end":{"line":205,"column":9}}},"2":{"name":"(anonymous_2)","decl":{"start":{"line":227,"column":25},"end":{"line":227,"column":30}},"loc":{"start":{"line":227,"column":31},"end":{"line":225,"column":14}}},"3":{"name":"(anonymous_3)","decl":{"start":{"line":246,"column":13},"end":{"line":246,"column":18}},"loc":{"start":{"line":246,"column":19},"end":{"line":244,"column":25}}},"4":{"name":"(anonymous_4)","decl":{"start":{"line":247,"column":13},"end":{"line":247,"column":18}},"loc":{"start":{"line":247,"column":19},"end":{"line":244,"column":25}}},"5":{"name":"(anonymous_5)","decl":{"start":{"line":248,"column":14},"end":{"line":248,"column":19}},"loc":{"start":{"line":248,"column":20},"end":{"line":244,"column":25}}},"6":{"name":"(anonymous_6)","decl":{"start":{"line":251,"column":17},"end":{"line":251,"column":22}},"loc":{"start":{"line":251,"column":23},"end":{"line":244,"column":25}}}},"branchMap":{},"s":{"0":0,"1":0,"2":0,"3":0,"4":0,"5":0,"6":0,"7":0,"8":0,"9":0,"10":0,"11":0,"12":0,"13":0,"14":0,"15":0,"16":0,"17":0,"18":0,"19":0,"20":0,"21":0,"22":0,"23":0,"24":0,"25":0,"26":0,"27":0,"28":0,"29":0,"30":0,"31":0,"32":0,"33":0,"34":0,"35":0,"36":0},"f":{"0":0,"1":0,"2":0,"3":0,"4":0,"5":0,"6":0},"b":{}}
,"E:\\Сайты\\Проекты\\test_Leomax_2\\Shop-s-Basket-React-Redux\\src\\modules\\NavigationBlock\\index.js": {"path":"E:\\Сайты\\Проекты\\test_Leomax_2\\Shop-s-Basket-React-Redux\\src\\modules\\NavigationBlock\\index.js","statementMap":{"0":{"start":{"line":1,"column":0},"end":{"line":null,"column":-1}},"1":{"start":{"line":2,"column":0},"end":{"line":null,"column":-1}},"2":{"start":{"line":3,"column":0},"end":{"line":null,"column":-1}},"3":{"start":{"line":5,"column":31},"end":{"line":5,"column":7}},"4":{"start":{"line":6,"column":2},"end":{"line":null,"column":-1}}},"fnMap":{"0":{"name":"(anonymous_0)","decl":{"start":{"line":5,"column":31},"end":{"line":5,"column":36}},"loc":{"start":{"line":5,"column":37},"end":{"line":5,"column":7}}}},"branchMap":{},"s":{"0":0,"1":0,"2":0,"3":0,"4":0},"f":{"0":0},"b":{}}
,"E:\\Сайты\\Проекты\\test_Leomax_2\\Shop-s-Basket-React-Redux\\src\\modules\\UserBlock\\index.js": {"path":"E:\\Сайты\\Проекты\\test_Leomax_2\\Shop-s-Basket-React-Redux\\src\\modules\\UserBlock\\index.js","statementMap":{"0":{"start":{"line":1,"column":0},"end":{"line":null,"column":-1}},"1":{"start":{"line":2,"column":0},"end":{"line":null,"column":-1}},"2":{"start":{"line":3,"column":0},"end":{"line":null,"column":-1}},"3":{"start":{"line":4,"column":0},"end":{"line":null,"column":-1}},"4":{"start":{"line":5,"column":0},"end":{"line":null,"column":-1}},"5":{"start":{"line":6,"column":0},"end":{"line":null,"column":-1}},"6":{"start":{"line":7,"column":0},"end":{"line":null,"column":-1}},"7":{"start":{"line":9,"column":25},"end":{"line":9,"column":0}},"8":{"start":{"line":16,"column":21},"end":{"line":16,"column":0}},"9":{"start":{"line":22,"column":19},"end":{"line":22,"column":0}},"10":{"start":{"line":30,"column":20},"end":{"line":30,"column":0}},"11":{"start":{"line":38,"column":24},"end":{"line":38,"column":0}},"12":{"start":{"line":44,"column":25},"end":{"line":44,"column":0}},"13":{"start":{"line":51,"column":17},"end":{"line":51,"column":0}},"14":{"start":{"line":59,"column":17},"end":{"line":59,"column":0}},"15":{"start":{"line":67,"column":19},"end":{"line":67,"column":0}},"16":{"start":{"line":75,"column":17},"end":{"line":75,"column":0}},"17":{"start":{"line":84,"column":25},"end":{"line":84,"column":7}},"18":{"start":{"line":85,"column":2},"end":{"line":null,"column":-1}},"19":{"start":{"line":108,"column":0},"end":{"line":null,"column":-1}},"20":{"start":{"line":113,"column":0},"end":{"line":null,"column":-1}}},"fnMap":{"0":{"name":"(anonymous_0)","decl":{"start":{"line":84,"column":25},"end":{"line":84,"column":26}},"loc":{"start":{"line":84,"column":55},"end":{"line":84,"column":7}}}},"branchMap":{},"s":{"0":0,"1":0,"2":0,"3":0,"4":0,"5":0,"6":0,"7":0,"8":0,"9":0,"10":0,"11":0,"12":0,"13":0,"14":0,"15":0,"16":0,"17":0,"18":0,"19":0,"20":0},"f":{"0":0},"b":{}}
,"E:\\Сайты\\Проекты\\test_Leomax_2\\Shop-s-Basket-React-Redux\\src\\reducers\\index.js": {"path":"E:\\Сайты\\Проекты\\test_Leomax_2\\Shop-s-Basket-React-Redux\\src\\reducers\\index.js","statementMap":{"0":{"start":{"line":1,"column":21},"end":{"line":70,"column":1}},"1":{"start":{"line":72,"column":27},"end":{"line":86,"column":1}},"2":{"start":{"line":73,"column":2},"end":{"line":85,"column":3}},"3":{"start":{"line":75,"column":6},"end":{"line":75,"column":52}},"4":{"start":{"line":77,"column":6},"end":{"line":77,"column":52}},"5":{"start":{"line":79,"column":6},"end":{"line":79,"column":52}},"6":{"start":{"line":81,"column":6},"end":{"line":81,"column":51}},"7":{"start":{"line":84,"column":6},"end":{"line":84,"column":18}}},"fnMap":{"0":{"name":"(anonymous_0)","decl":{"start":{"line":72,"column":27},"end":{"line":72,"column":28}},"loc":{"start":{"line":72,"column":61},"end":{"line":86,"column":1}},"line":72}},"branchMap":{"0":{"loc":{"start":{"line":72,"column":36},"end":{"line":72,"column":56}},"type":"default-arg","locations":[{"start":{"line":72,"column":44},"end":{"line":72,"column":56}}],"line":72},"1":{"loc":{"start":{"line":73,"column":2},"end":{"line":85,"column":3}},"type":"switch","locations":[{"start":{"line":74,"column":4},"end":{"line":75,"column":52}},{"start":{"line":76,"column":4},"end":{"line":77,"column":52}},{"start":{"line":78,"column":4},"end":{"line":79,"column":52}},{"start":{"line":80,"column":4},"end":{"line":81,"column":51}},{"start":{"line":83,"column":4},"end":{"line":84,"column":18}}],"line":73}},"s":{"0":1,"1":1,"2":5,"3":1,"4":1,"5":1,"6":1,"7":1},"f":{"0":5},"b":{"0":[5],"1":[1,1,1,1,1]},"_coverageSchema":"332fd63041d2c1bcb487cc26dd0d5f7d97098a6c","hash":"f2b08636b05a4de1bb62bd86526c8854ff21fa1c"}
,"E:\\Сайты\\Проекты\\test_Leomax_2\\Shop-s-Basket-React-Redux\\src\\router\\index.js": {"path":"E:\\Сайты\\Проекты\\test_Leomax_2\\Shop-s-Basket-React-Redux\\src\\router\\index.js","statementMap":{"0":{"start":{"line":1,"column":0},"end":{"line":null,"column":-1}},"1":{"start":{"line":2,"column":0},"end":{"line":null,"column":-1}},"2":{"start":{"line":3,"column":0},"end":{"line":null,"column":-1}},"3":{"start":{"line":5,"column":22},"end":{"line":5,"column":7}},"4":{"start":{"line":6,"column":2},"end":{"line":null,"column":-1}}},"fnMap":{"0":{"name":"(anonymous_0)","decl":{"start":{"line":5,"column":22},"end":{"line":5,"column":27}},"loc":{"start":{"line":5,"column":28},"end":{"line":5,"column":7}}}},"branchMap":{},"s":{"0":0,"1":0,"2":0,"3":0,"4":0},"f":{"0":0},"b":{}}
}
