TN:
SF:E:\Сайты\Проекты\test_Leomax_2\Shop-s-Basket-React-Redux\src\index.js
FNF:0
FNH:0
DA:1,0
DA:2,0
DA:3,0
DA:4,0
DA:5,0
DA:6,0
DA:7,0
DA:8,0
DA:10,0
LF:9
LH:0
BRF:0
BRH:0
end_of_record
TN:
SF:E:\Сайты\Проекты\test_Leomax_2\Shop-s-Basket-React-Redux\src\setupTests.js
FNF:0
FNH:0
DA:3,6
LF:1
LH:1
BRF:0
BRH:0
end_of_record
TN:
SF:E:\Сайты\Проекты\test_Leomax_2\Shop-s-Basket-React-Redux\src\Actions\index.js
FN:3,(anonymous_0)
FN:10,(anonymous_1)
FN:18,(anonymous_2)
FN:26,(anonymous_3)
FNF:4
FNH:0
FNDA:0,(anonymous_0)
FNDA:0,(anonymous_1)
FNDA:0,(anonymous_2)
FNDA:0,(anonymous_3)
DA:1,0
DA:3,0
DA:4,0
DA:10,0
DA:11,0
DA:18,0
DA:19,0
DA:26,0
DA:27,0
LF:9
LH:0
BRF:0
BRH:0
end_of_record
TN:
SF:E:\Сайты\Проекты\test_Leomax_2\Shop-s-Basket-React-Redux\src\Store\index.js
FNF:0
FNH:0
DA:2,0
DA:3,0
DA:5,0
LF:3
LH:0
BRF:0
BRH:0
end_of_record
TN:
SF:E:\Сайты\Проекты\test_Leomax_2\Shop-s-Basket-React-Redux\src\components\index.js
FN:1,(anonymous_0)
FN:2,(anonymous_2)
FN:3,(anonymous_4)
FN:4,(anonymous_6)
FN:5,(anonymous_8)
FN:6,(anonymous_10)
FN:7,(anonymous_12)
FN:8,(anonymous_14)
FNF:8
FNH:0
FNDA:0,(anonymous_0)
FNDA:0,(anonymous_2)
FNDA:0,(anonymous_4)
FNDA:0,(anonymous_6)
FNDA:0,(anonymous_8)
FNDA:0,(anonymous_10)
FNDA:0,(anonymous_12)
FNDA:0,(anonymous_14)
DA:1,0
DA:2,0
DA:3,0
DA:4,0
DA:5,0
DA:6,0
DA:7,0
DA:8,0
LF:8
LH:0
BRDA:1,0,0,0
BRDA:1,0,1,0
BRDA:2,1,0,0
BRDA:2,1,1,0
BRDA:3,2,0,0
BRDA:3,2,1,0
BRDA:4,3,0,0
BRDA:4,3,1,0
BRDA:5,4,0,0
BRDA:5,4,1,0
BRDA:6,5,0,0
BRDA:6,5,1,0
BRDA:7,6,0,0
BRDA:7,6,1,0
BRDA:8,7,0,0
BRDA:8,7,1,0
BRF:16
BRH:0
end_of_record
TN:
SF:E:\Сайты\Проекты\test_Leomax_2\Shop-s-Basket-React-Redux\src\components\EditNumber\index.js
FN:50,(anonymous_0)
FN:61,(anonymous_1)
FN:68,(anonymous_2)
FN:80,(anonymous_3)
FN:81,(anonymous_4)
FNF:5
FNH:5
FNDA:2,(anonymous_0)
FNDA:1,(anonymous_1)
FNDA:1,(anonymous_2)
FNDA:1,(anonymous_3)
FNDA:1,(anonymous_4)
DA:5,1
DA:13,1
DA:25,1
DA:38,1
DA:50,1
DA:57,2
DA:61,1
DA:68,1
DA:76,1
DA:80,1
DA:81,1
DA:84,1
LF:12
LH:12
BRF:0
BRH:0
end_of_record
TN:
SF:E:\Сайты\Проекты\test_Leomax_2\Shop-s-Basket-React-Redux\src\components\FindComponent\index.js
FN:41,(anonymous_0)
FNF:1
FNH:0
FNDA:0,(anonymous_0)
DA:1,0
DA:2,0
DA:3,0
DA:5,0
DA:13,0
DA:31,0
DA:41,0
DA:42,0
LF:8
LH:0
BRF:0
BRH:0
end_of_record
TN:
SF:E:\Сайты\Проекты\test_Leomax_2\Shop-s-Basket-React-Redux\src\components\FreeCall\index.js
FN:12,(anonymous_0)
FNF:1
FNH:1
FNDA:1,(anonymous_0)
DA:4,1
DA:12,1
DA:13,1
LF:3
LH:3
BRF:0
BRH:0
end_of_record
TN:
SF:E:\Сайты\Проекты\test_Leomax_2\Shop-s-Basket-React-Redux\src\components\LiveStream\index.js
FN:11,(anonymous_0)
FNF:1
FNH:1
FNDA:1,(anonymous_0)
DA:4,1
DA:11,1
LF:2
LH:2
BRF:0
BRH:0
end_of_record
TN:
SF:E:\Сайты\Проекты\test_Leomax_2\Shop-s-Basket-React-Redux\src\components\Number\index.js
FN:12,(anonymous_0)
FNF:1
FNH:1
FNDA:1,(anonymous_0)
DA:4,1
DA:12,1
LF:2
LH:2
BRF:0
BRH:0
end_of_record
TN:
SF:E:\Сайты\Проекты\test_Leomax_2\Shop-s-Basket-React-Redux\src\components\NumberItems\index.js
FN:15,(anonymous_0)
FNF:1
FNH:0
FNDA:0,(anonymous_0)
DA:1,0
DA:2,0
DA:3,0
DA:5,0
DA:15,0
DA:16,0
DA:25,0
DA:29,0
LF:8
LH:0
BRDA:18,0,0,0
BRDA:18,0,1,0
BRDA:18,1,0,0
BRDA:18,1,1,0
BRF:4
BRH:0
end_of_record
TN:
SF:E:\Сайты\Проекты\test_Leomax_2\Shop-s-Basket-React-Redux\src\components\Star\index.js
FN:11,(anonymous_0)
FNF:1
FNH:1
FNDA:1,(anonymous_0)
DA:4,1
DA:11,1
LF:2
LH:2
BRF:0
BRH:0
end_of_record
TN:
SF:E:\Сайты\Проекты\test_Leomax_2\Shop-s-Basket-React-Redux\src\components\YouTube\index.js
FN:11,(anonymous_0)
FNF:1
FNH:1
FNDA:1,(anonymous_0)
DA:4,1
DA:11,1
LF:2
LH:2
BRF:0
BRH:0
end_of_record
TN:
SF:E:\Сайты\Проекты\test_Leomax_2\Shop-s-Basket-React-Redux\src\containers\App\index.js
FN:7,(anonymous_0)
FN:11,(anonymous_1)
FN:15,(anonymous_2)
FNF:3
FNH:0
FNDA:0,(anonymous_0)
FNDA:0,(anonymous_1)
FNDA:0,(anonymous_2)
DA:1,0
DA:2,0
DA:3,0
DA:5,0
DA:7,0
DA:8,0
DA:11,0
DA:12,0
DA:15,0
DA:16,0
DA:18,0
DA:21,0
DA:24,0
DA:27,0
LF:14
LH:0
BRF:0
BRH:0
end_of_record
TN:
SF:E:\Сайты\Проекты\test_Leomax_2\Shop-s-Basket-React-Redux\src\helpers\index.js
FN:9,(anonymous_0)
FN:12,(anonymous_1)
FN:19,(anonymous_2)
FN:26,(anonymous_3)
FN:30,(anonymous_4)
FN:32,(anonymous_5)
FN:38,(anonymous_6)
FN:61,(anonymous_7)
FN:63,(anonymous_8)
FNF:9
FNH:0
FNDA:0,(anonymous_0)
FNDA:0,(anonymous_1)
FNDA:0,(anonymous_2)
FNDA:0,(anonymous_3)
FNDA:0,(anonymous_4)
FNDA:0,(anonymous_5)
FNDA:0,(anonymous_6)
FNDA:0,(anonymous_7)
FNDA:0,(anonymous_8)
DA:1,0
DA:2,0
DA:3,0
DA:4,0
DA:5,0
DA:6,0
DA:7,0
DA:9,0
DA:10,0
DA:11,0
DA:12,0
DA:13,0
DA:15,0
DA:17,0
DA:18,0
DA:19,0
DA:20,0
DA:23,0
DA:25,0
DA:26,0
DA:30,0
DA:31,0
DA:32,0
DA:33,0
DA:35,0
DA:38,0
DA:39,0
DA:41,0
DA:43,0
DA:45,0
DA:47,0
DA:49,0
DA:51,0
DA:53,0
DA:56,0
DA:61,0
DA:62,0
DA:63,0
DA:64,0
DA:66,0
LF:40
LH:0
BRDA:11,0,0,0
BRDA:11,0,1,0
BRDA:13,1,0,0
BRDA:13,1,1,0
BRDA:17,2,0,0
BRDA:17,2,1,0
BRDA:18,3,0,0
BRDA:18,3,1,0
BRDA:20,4,0,0
BRDA:20,4,1,0
BRDA:25,5,0,0
BRDA:25,5,1,0
BRDA:40,6,0,0
BRDA:40,6,1,0
BRDA:40,6,2,0
BRDA:40,6,3,0
BRDA:40,6,4,0
BRDA:40,6,5,0
BRDA:40,6,6,0
BRDA:40,6,7,0
BRF:20
BRH:0
end_of_record
TN:
SF:E:\Сайты\Проекты\test_Leomax_2\Shop-s-Basket-React-Redux\src\modules\index.js
FN:1,(anonymous_0)
FN:2,(anonymous_2)
FN:3,(anonymous_4)
FN:4,(anonymous_6)
FN:5,(anonymous_8)
FN:6,(anonymous_10)
FN:7,(anonymous_12)
FN:8,(anonymous_14)
FNF:8
FNH:0
FNDA:0,(anonymous_0)
FNDA:0,(anonymous_2)
FNDA:0,(anonymous_4)
FNDA:0,(anonymous_6)
FNDA:0,(anonymous_8)
FNDA:0,(anonymous_10)
FNDA:0,(anonymous_12)
FNDA:0,(anonymous_14)
DA:1,0
DA:2,0
DA:3,0
DA:4,0
DA:5,0
DA:6,0
DA:7,0
DA:8,0
LF:8
LH:0
BRDA:1,0,0,0
BRDA:1,0,1,0
BRDA:2,1,0,0
BRDA:2,1,1,0
BRDA:3,2,0,0
BRDA:3,2,1,0
BRDA:4,3,0,0
BRDA:4,3,1,0
BRDA:5,4,0,0
BRDA:5,4,1,0
BRDA:6,5,0,0
BRDA:6,5,1,0
BRDA:7,6,0,0
BRDA:7,6,1,0
BRDA:8,7,0,0
BRDA:8,7,1,0
BRF:16
BRH:0
end_of_record
TN:
SF:E:\Сайты\Проекты\test_Leomax_2\Shop-s-Basket-React-Redux\src\modules\AdvertisingBlock\index.js
FN:91,(anonymous_0)
FN:99,(anonymous_1)
FNF:2
FNH:0
FNDA:0,(anonymous_0)
FNDA:0,(anonymous_1)
DA:1,0
DA:2,0
DA:3,0
DA:4,0
DA:6,0
DA:12,0
DA:19,0
DA:21,0
DA:54,0
DA:60,0
DA:65,0
DA:70,0
DA:81,0
DA:91,0
DA:92,0
DA:100,0
DA:116,0
DA:120,0
LF:18
LH:0
BRF:0
BRH:0
end_of_record
TN:
SF:E:\Сайты\Проекты\test_Leomax_2\Shop-s-Basket-React-Redux\src\modules\BasketPage\index.js
FN:20,(anonymous_0)
FNF:1
FNH:0
FNDA:0,(anonymous_0)
DA:1,0
DA:2,0
DA:3,0
DA:11,0
DA:13,0
DA:20,0
DA:32,0
LF:7
LH:0
BRF:0
BRH:0
end_of_record
TN:
SF:E:\Сайты\Проекты\test_Leomax_2\Shop-s-Basket-React-Redux\src\modules\DiscountWrapper\index.js
FN:6,(anonymous_0)
FN:21,(anonymous_1)
FN:24,(anonymous_2)
FN:74,(anonymous_3)
FNF:4
FNH:0
FNDA:0,(anonymous_0)
FNDA:0,(anonymous_1)
FNDA:0,(anonymous_2)
FNDA:0,(anonymous_3)
DA:1,0
DA:2,0
DA:3,0
DA:4,0
DA:6,0
DA:13,0
DA:14,0
DA:21,0
DA:24,0
DA:70,0
DA:74,0
DA:78,0
LF:12
LH:0
BRDA:28,0,0,0
BRDA:28,0,1,0
BRDA:28,1,0,0
BRDA:28,1,1,0
BRDA:41,2,0,0
BRDA:41,2,1,0
BRDA:54,3,0,0
BRDA:54,3,1,0
BRDA:58,4,0,0
BRDA:58,4,1,0
BRDA:57,5,0,0
BRDA:57,5,1,0
BRF:12
BRH:0
end_of_record
TN:
SF:E:\Сайты\Проекты\test_Leomax_2\Shop-s-Basket-React-Redux\src\modules\Footer\index.js
FN:5,(anonymous_0)
FNF:1
FNH:0
FNDA:0,(anonymous_0)
DA:1,0
DA:2,0
DA:3,0
DA:5,0
DA:6,0
LF:5
LH:0
BRF:0
BRH:0
end_of_record
TN:
SF:E:\Сайты\Проекты\test_Leomax_2\Shop-s-Basket-React-Redux\src\modules\Header\index.js
FN:85,(anonymous_0)
FNF:1
FNH:0
FNDA:0,(anonymous_0)
DA:1,0
DA:2,0
DA:3,0
DA:4,0
DA:5,0
DA:6,0
DA:8,0
DA:16,0
DA:22,0
DA:30,0
DA:37,0
DA:44,0
DA:51,0
DA:58,0
DA:67,0
DA:76,0
DA:85,0
DA:86,0
LF:18
LH:0
BRF:0
BRH:0
end_of_record
TN:
SF:E:\Сайты\Проекты\test_Leomax_2\Shop-s-Basket-React-Redux\src\modules\MainBlock\index.js
FN:180,(anonymous_0)
FN:205,(anonymous_1)
FN:227,(anonymous_2)
FN:246,(anonymous_3)
FN:247,(anonymous_4)
FN:248,(anonymous_5)
FN:251,(anonymous_6)
FNF:7
FNH:0
FNDA:0,(anonymous_0)
FNDA:0,(anonymous_1)
FNDA:0,(anonymous_2)
FNDA:0,(anonymous_3)
FNDA:0,(anonymous_4)
FNDA:0,(anonymous_5)
FNDA:0,(anonymous_6)
DA:1,0
DA:2,0
DA:3,0
DA:4,0
DA:5,0
DA:6,0
DA:7,0
DA:9,0
DA:42,0
DA:47,0
DA:52,0
DA:57,0
DA:62,0
DA:72,0
DA:81,0
DA:91,0
DA:101,0
DA:110,0
DA:112,0
DA:119,0
DA:127,0
DA:132,0
DA:140,0
DA:148,0
DA:155,0
DA:162,0
DA:172,0
DA:180,0
DA:190,0
DA:206,0
DA:227,0
DA:244,0
DA:246,0
DA:247,0
DA:248,0
DA:251,0
DA:255,0
LF:37
LH:0
BRF:0
BRH:0
end_of_record
TN:
SF:E:\Сайты\Проекты\test_Leomax_2\Shop-s-Basket-React-Redux\src\modules\NavigationBlock\index.js
FN:5,(anonymous_0)
FNF:1
FNH:0
FNDA:0,(anonymous_0)
DA:1,0
DA:2,0
DA:3,0
DA:5,0
DA:6,0
LF:5
LH:0
BRF:0
BRH:0
end_of_record
TN:
SF:E:\Сайты\Проекты\test_Leomax_2\Shop-s-Basket-React-Redux\src\modules\UserBlock\index.js
FN:84,(anonymous_0)
FNF:1
FNH:0
FNDA:0,(anonymous_0)
DA:1,0
DA:2,0
DA:3,0
DA:4,0
DA:5,0
DA:6,0
DA:7,0
DA:9,0
DA:16,0
DA:22,0
DA:30,0
DA:38,0
DA:44,0
DA:51,0
DA:59,0
DA:67,0
DA:75,0
DA:84,0
DA:85,0
DA:108,0
DA:113,0
LF:21
LH:0
BRF:0
BRH:0
end_of_record
TN:
SF:E:\Сайты\Проекты\test_Leomax_2\Shop-s-Basket-React-Redux\src\reducers\index.js
FN:73,(anonymous_0)
FNF:1
FNH:0
FNDA:0,(anonymous_0)
DA:2,0
DA:73,0
DA:74,0
DA:76,0
DA:78,0
DA:80,0
DA:82,0
DA:85,0
LF:8
LH:0
BRDA:73,0,0,0
BRDA:75,1,0,0
BRDA:75,1,1,0
BRDA:75,1,2,0
BRDA:75,1,3,0
BRDA:75,1,4,0
BRF:6
BRH:0
end_of_record
TN:
SF:E:\Сайты\Проекты\test_Leomax_2\Shop-s-Basket-React-Redux\src\router\index.js
FN:5,(anonymous_0)
FNF:1
FNH:0
FNDA:0,(anonymous_0)
DA:1,0
DA:2,0
DA:3,0
DA:5,0
DA:6,0
LF:5
LH:0
BRF:0
BRH:0
end_of_record
