TN:
SF:D:\МОЙ ДИСК\Сайты\Тесты для компаний\тест_Leomax\LeoMax_2\Shop-s-Basket-React-Redux\src\index.js
FNF:0
FNH:0
DA:1,0
DA:2,0
DA:3,0
DA:4,0
DA:5,0
DA:6,0
DA:7,0
DA:8,0
DA:10,0
LF:9
LH:0
BRF:0
BRH:0
end_of_record
TN:
SF:D:\МОЙ ДИСК\Сайты\Тесты для компаний\тест_Leomax\LeoMax_2\Shop-s-Basket-React-Redux\src\setupTests.js
FNF:0
FNH:0
DA:3,18
LF:1
LH:1
BRF:0
BRH:0
end_of_record
TN:
SF:D:\МОЙ ДИСК\Сайты\Тесты для компаний\тест_Leomax\LeoMax_2\Shop-s-Basket-React-Redux\src\Actions\index.js
FN:3,(anonymous_0)
FN:10,(anonymous_1)
FN:17,(anonymous_2)
FN:24,(anonymous_3)
FNF:4
FNH:4
FNDA:1,(anonymous_0)
FNDA:1,(anonymous_1)
FNDA:1,(anonymous_2)
FNDA:1,(anonymous_3)
DA:3,1
DA:4,1
DA:10,1
DA:11,1
DA:17,1
DA:18,1
DA:24,1
DA:25,1
LF:8
LH:8
BRF:0
BRH:0
end_of_record
TN:
SF:D:\МОЙ ДИСК\Сайты\Тесты для компаний\тест_Leomax\LeoMax_2\Shop-s-Basket-React-Redux\src\Store\index.js
FNF:0
FNH:0
DA:2,0
DA:3,0
DA:5,0
LF:3
LH:0
BRF:0
BRH:0
end_of_record
TN:
SF:D:\МОЙ ДИСК\Сайты\Тесты для компаний\тест_Leomax\LeoMax_2\Shop-s-Basket-React-Redux\src\components\index.js
FNF:0
FNH:0
LF:0
LH:0
BRF:0
BRH:0
end_of_record
TN:
SF:D:\МОЙ ДИСК\Сайты\Тесты для компаний\тест_Leomax\LeoMax_2\Shop-s-Basket-React-Redux\src\components\EditNumber\index.js
FN:50,(anonymous_0)
FN:61,(anonymous_1)
FN:68,(anonymous_2)
FN:80,(anonymous_3)
FN:81,(anonymous_4)
FNF:5
FNH:5
FNDA:2,(anonymous_0)
FNDA:1,(anonymous_1)
FNDA:1,(anonymous_2)
FNDA:1,(anonymous_3)
FNDA:1,(anonymous_4)
DA:5,5
DA:13,5
DA:25,5
DA:38,5
DA:50,5
DA:57,2
DA:61,1
DA:68,1
DA:76,5
DA:80,1
DA:81,1
DA:84,5
LF:12
LH:12
BRF:0
BRH:0
end_of_record
TN:
SF:D:\МОЙ ДИСК\Сайты\Тесты для компаний\тест_Leomax\LeoMax_2\Shop-s-Basket-React-Redux\src\components\FindComponent\index.js
FN:41,(anonymous_0)
FNF:1
FNH:1
FNDA:1,(anonymous_0)
DA:5,5
DA:13,5
DA:31,5
DA:41,5
DA:42,1
LF:5
LH:5
BRF:0
BRH:0
end_of_record
TN:
SF:D:\МОЙ ДИСК\Сайты\Тесты для компаний\тест_Leomax\LeoMax_2\Shop-s-Basket-React-Redux\src\components\FreeCall\index.js
FN:12,(anonymous_0)
FNF:1
FNH:1
FNDA:1,(anonymous_0)
DA:4,5
DA:12,5
DA:13,1
LF:3
LH:3
BRF:0
BRH:0
end_of_record
TN:
SF:D:\МОЙ ДИСК\Сайты\Тесты для компаний\тест_Leomax\LeoMax_2\Shop-s-Basket-React-Redux\src\components\LiveStream\index.js
FN:11,(anonymous_0)
FNF:1
FNH:1
FNDA:1,(anonymous_0)
DA:4,5
DA:11,5
LF:2
LH:2
BRF:0
BRH:0
end_of_record
TN:
SF:D:\МОЙ ДИСК\Сайты\Тесты для компаний\тест_Leomax\LeoMax_2\Shop-s-Basket-React-Redux\src\components\Number\index.js
FN:12,(anonymous_0)
FNF:1
FNH:1
FNDA:1,(anonymous_0)
DA:4,5
DA:12,5
LF:2
LH:2
BRF:0
BRH:0
end_of_record
TN:
SF:D:\МОЙ ДИСК\Сайты\Тесты для компаний\тест_Leomax\LeoMax_2\Shop-s-Basket-React-Redux\src\components\NumberItems\index.js
FN:15,(anonymous_0)
FNF:1
FNH:1
FNDA:2,(anonymous_0)
DA:5,5
DA:15,5
DA:16,2
DA:25,5
DA:29,5
LF:5
LH:5
BRDA:18,0,0,1
BRDA:18,0,1,1
BRDA:18,1,0,2
BRDA:18,1,1,1
BRF:4
BRH:4
end_of_record
TN:
SF:D:\МОЙ ДИСК\Сайты\Тесты для компаний\тест_Leomax\LeoMax_2\Shop-s-Basket-React-Redux\src\components\Star\index.js
FN:11,(anonymous_0)
FNF:1
FNH:1
FNDA:1,(anonymous_0)
DA:4,5
DA:11,5
LF:2
LH:2
BRF:0
BRH:0
end_of_record
TN:
SF:D:\МОЙ ДИСК\Сайты\Тесты для компаний\тест_Leomax\LeoMax_2\Shop-s-Basket-React-Redux\src\components\YouTube\index.js
FN:11,(anonymous_0)
FNF:1
FNH:1
FNDA:1,(anonymous_0)
DA:4,5
DA:11,5
LF:2
LH:2
BRF:0
BRH:0
end_of_record
TN:
SF:D:\МОЙ ДИСК\Сайты\Тесты для компаний\тест_Leomax\LeoMax_2\Shop-s-Basket-React-Redux\src\containers\App\index.js
FN:12,(anonymous_0)
FN:16,(anonymous_1)
FN:20,(anonymous_2)
FNF:3
FNH:0
FNDA:0,(anonymous_0)
FNDA:0,(anonymous_1)
FNDA:0,(anonymous_2)
DA:1,0
DA:2,0
DA:3,0
DA:5,0
DA:12,0
DA:13,0
DA:16,0
DA:17,0
DA:20,0
DA:21,0
DA:23,0
DA:26,0
DA:29,0
DA:32,0
LF:14
LH:0
BRF:0
BRH:0
end_of_record
TN:
SF:D:\МОЙ ДИСК\Сайты\Тесты для компаний\тест_Leomax\LeoMax_2\Shop-s-Basket-React-Redux\src\helpers\index.js
FN:9,(anonymous_0)
FN:13,(anonymous_1)
FN:23,(anonymous_2)
FN:33,(anonymous_3)
FN:42,(anonymous_4)
FN:45,(anonymous_5)
FN:54,(anonymous_6)
FN:79,(anonymous_7)
FN:82,(anonymous_8)
FNF:9
FNH:9
FNDA:17,(anonymous_0)
FNDA:19,(anonymous_1)
FNDA:11,(anonymous_2)
FNDA:16,(anonymous_3)
FNDA:3,(anonymous_4)
FNDA:7,(anonymous_5)
FNDA:13,(anonymous_6)
FNDA:11,(anonymous_7)
FNDA:11,(anonymous_8)
DA:9,6
DA:10,17
DA:11,17
DA:12,16
DA:13,5
DA:14,19
DA:15,16
DA:19,5
DA:21,11
DA:22,6
DA:23,3
DA:24,11
DA:25,8
DA:30,6
DA:32,5
DA:33,16
DA:36,1
DA:39,1
DA:42,6
DA:43,3
DA:44,2
DA:45,2
DA:46,7
DA:47,4
DA:49,2
DA:51,1
DA:54,6
DA:55,13
DA:56,12
DA:58,3
DA:60,2
DA:62,2
DA:64,1
DA:66,1
DA:68,1
DA:70,1
DA:73,1
DA:76,1
DA:79,6
DA:80,11
DA:81,3
DA:82,3
DA:83,11
DA:85,3
DA:87,8
LF:45
LH:45
BRDA:11,0,0,16
BRDA:11,0,1,1
BRDA:11,1,0,17
BRDA:11,1,1,17
BRDA:12,2,0,5
BRDA:12,2,1,11
BRDA:12,3,0,16
BRDA:12,3,1,5
BRDA:14,4,0,16
BRDA:14,4,1,3
BRDA:15,5,0,4
BRDA:15,5,1,12
BRDA:21,6,0,6
BRDA:21,6,1,5
BRDA:21,7,0,11
BRDA:21,7,1,6
BRDA:22,8,0,3
BRDA:22,8,1,3
BRDA:24,9,0,8
BRDA:24,9,1,3
BRDA:25,10,0,2
BRDA:25,10,1,6
BRDA:32,11,0,4
BRDA:32,11,1,1
BRDA:43,12,0,2
BRDA:43,12,1,1
BRDA:46,13,0,4
BRDA:46,13,1,3
BRDA:46,14,0,7
BRDA:46,14,1,4
BRDA:55,15,0,12
BRDA:55,15,1,1
BRDA:56,16,0,3
BRDA:56,16,1,2
BRDA:56,16,2,2
BRDA:56,16,3,1
BRDA:56,16,4,1
BRDA:56,16,5,1
BRDA:56,16,6,1
BRDA:56,16,7,1
BRDA:80,17,0,3
BRDA:80,17,1,8
BRDA:83,18,0,6
BRDA:83,18,1,5
BRF:44
BRH:44
end_of_record
TN:
SF:D:\МОЙ ДИСК\Сайты\Тесты для компаний\тест_Leomax\LeoMax_2\Shop-s-Basket-React-Redux\src\modules\index.js
FNF:0
FNH:0
LF:0
LH:0
BRF:0
BRH:0
end_of_record
TN:
SF:D:\МОЙ ДИСК\Сайты\Тесты для компаний\тест_Leomax\LeoMax_2\Shop-s-Basket-React-Redux\src\modules\AdvertisingBlock\index.js
FN:91,(anonymous_0)
FN:99,(anonymous_1)
FNF:2
FNH:2
FNDA:2,(anonymous_0)
FNDA:4,(anonymous_1)
DA:6,3
DA:12,3
DA:19,3
DA:21,3
DA:54,3
DA:60,3
DA:65,3
DA:70,3
DA:81,3
DA:91,3
DA:92,2
DA:100,4
DA:116,3
DA:125,3
LF:14
LH:14
BRF:0
BRH:0
end_of_record
TN:
SF:D:\МОЙ ДИСК\Сайты\Тесты для компаний\тест_Leomax\LeoMax_2\Shop-s-Basket-React-Redux\src\modules\BasketPage\index.js
FN:21,(anonymous_0)
FNF:1
FNH:1
FNDA:8,(anonymous_0)
DA:14,2
DA:21,2
DA:33,8
DA:34,8
DA:35,8
DA:36,8
DA:37,8
DA:38,8
DA:39,8
DA:40,8
DA:41,8
DA:42,8
DA:43,8
DA:67,2
DA:76,2
LF:15
LH:15
BRF:0
BRH:0
end_of_record
TN:
SF:D:\МОЙ ДИСК\Сайты\Тесты для компаний\тест_Leomax\LeoMax_2\Shop-s-Basket-React-Redux\src\modules\DiscountWrapper\index.js
FN:6,(anonymous_0)
FN:21,(anonymous_1)
FN:24,(anonymous_2)
FN:74,(anonymous_3)
FNF:4
FNH:0
FNDA:0,(anonymous_0)
FNDA:0,(anonymous_1)
FNDA:0,(anonymous_2)
FNDA:0,(anonymous_3)
DA:6,2
DA:13,0
DA:14,0
DA:21,0
DA:24,0
DA:70,2
DA:74,0
DA:78,2
LF:8
LH:3
BRDA:28,0,0,0
BRDA:28,0,1,0
BRDA:28,1,0,0
BRDA:28,1,1,0
BRDA:40,2,0,0
BRDA:40,2,1,0
BRDA:54,3,0,0
BRDA:54,3,1,0
BRDA:57,4,0,0
BRDA:57,4,1,0
BRDA:57,5,0,0
BRDA:57,5,1,0
BRF:12
BRH:0
end_of_record
TN:
SF:D:\МОЙ ДИСК\Сайты\Тесты для компаний\тест_Leomax\LeoMax_2\Shop-s-Basket-React-Redux\src\modules\Footer\index.js
FN:5,(anonymous_0)
FNF:1
FNH:1
FNDA:1,(anonymous_0)
DA:5,3
DA:6,1
LF:2
LH:2
BRF:0
BRH:0
end_of_record
TN:
SF:D:\МОЙ ДИСК\Сайты\Тесты для компаний\тест_Leomax\LeoMax_2\Shop-s-Basket-React-Redux\src\modules\Header\index.js
FN:85,(anonymous_0)
FNF:1
FNH:0
FNDA:0,(anonymous_0)
DA:8,2
DA:16,2
DA:22,2
DA:30,2
DA:37,2
DA:44,2
DA:51,2
DA:58,2
DA:67,2
DA:76,2
DA:85,2
DA:86,0
LF:12
LH:11
BRF:0
BRH:0
end_of_record
TN:
SF:D:\МОЙ ДИСК\Сайты\Тесты для компаний\тест_Leomax\LeoMax_2\Shop-s-Basket-React-Redux\src\modules\MainBlock\index.js
FN:180,(anonymous_0)
FN:205,(anonymous_1)
FN:227,(anonymous_2)
FN:246,(anonymous_3)
FN:247,(anonymous_4)
FN:248,(anonymous_5)
FN:251,(anonymous_6)
FNF:7
FNH:0
FNDA:0,(anonymous_0)
FNDA:0,(anonymous_1)
FNDA:0,(anonymous_2)
FNDA:0,(anonymous_3)
FNDA:0,(anonymous_4)
FNDA:0,(anonymous_5)
FNDA:0,(anonymous_6)
DA:9,2
DA:42,2
DA:47,2
DA:52,2
DA:57,2
DA:62,2
DA:72,2
DA:81,2
DA:91,2
DA:101,2
DA:110,2
DA:112,2
DA:119,2
DA:127,2
DA:132,2
DA:140,2
DA:148,2
DA:155,2
DA:162,2
DA:172,2
DA:180,2
DA:190,0
DA:206,0
DA:227,0
DA:244,2
DA:246,0
DA:247,0
DA:248,0
DA:251,0
DA:255,2
LF:30
LH:23
BRF:0
BRH:0
end_of_record
TN:
SF:D:\МОЙ ДИСК\Сайты\Тесты для компаний\тест_Leomax\LeoMax_2\Shop-s-Basket-React-Redux\src\modules\NavigationBlock\index.js
FN:5,(anonymous_0)
FNF:1
FNH:1
FNDA:1,(anonymous_0)
DA:5,3
DA:6,1
LF:2
LH:2
BRF:0
BRH:0
end_of_record
TN:
SF:D:\МОЙ ДИСК\Сайты\Тесты для компаний\тест_Leomax\LeoMax_2\Shop-s-Basket-React-Redux\src\modules\UserBlock\index.js
FN:84,(anonymous_0)
FNF:1
FNH:1
FNDA:4,(anonymous_0)
DA:9,3
DA:16,3
DA:22,3
DA:30,3
DA:38,3
DA:44,3
DA:51,3
DA:59,3
DA:67,3
DA:75,3
DA:84,3
DA:85,4
DA:108,3
DA:113,3
LF:14
LH:14
BRF:0
BRH:0
end_of_record
TN:
SF:D:\МОЙ ДИСК\Сайты\Тесты для компаний\тест_Leomax\LeoMax_2\Shop-s-Basket-React-Redux\src\reducers\index.js
FN:72,(anonymous_0)
FNF:1
FNH:1
FNDA:5,(anonymous_0)
DA:1,1
DA:72,1
DA:73,5
DA:75,1
DA:77,1
DA:79,1
DA:81,1
DA:84,1
LF:8
LH:8
BRDA:72,0,0,5
BRDA:73,1,0,1
BRDA:73,1,1,1
BRDA:73,1,2,1
BRDA:73,1,3,1
BRDA:73,1,4,1
BRF:6
BRH:6
end_of_record
TN:
SF:D:\МОЙ ДИСК\Сайты\Тесты для компаний\тест_Leomax\LeoMax_2\Shop-s-Basket-React-Redux\src\router\index.js
FN:5,(anonymous_0)
FNF:1
FNH:0
FNDA:0,(anonymous_0)
DA:1,0
DA:2,0
DA:3,0
DA:5,0
DA:6,0
LF:5
LH:0
BRF:0
BRH:0
end_of_record
